[2018-03-29T09:33:11.234] [INFO] default - [ { phone: '13523472132', pass: 'abcdef7758521' },
  { phone: '18037798213', pass: 'abcdef7758521' } ]
[2018-03-29T09:33:11.239] [INFO] default - { phone: '13523472132', pass: 'abcdef7758521' }
[2018-03-29T09:33:17.872] [INFO] default - { phone: '18037798213', pass: 'abcdef7758521' }
[2018-03-29T09:33:23.005] [INFO] default - 
[2018-03-29T09:34:35.349] [INFO] default - to Buy tels [ { phone: '13523472132', pass: 'abcdef7758521' },
  { phone: '18037798213', pass: 'abcdef7758521' } ]
[2018-03-29T09:34:35.353] [INFO] default - start to check status { phone: '13523472132', pass: 'abcdef7758521' }
[2018-03-29T09:34:40.912] [INFO] default - start to check status { phone: '18037798213', pass: 'abcdef7758521' }
[2018-03-29T09:34:42.878] [INFO] default - 检查完成
[2018-03-29T09:34:42.878] [INFO] default - [ { id: 2657604,
    platformId: '0003',
    goodsCode: '23',
    goodsId: '391',
    userId: '2257029',
    userName: '&13523472132',
    registPhone: '13523472132',
    receivePhone: '13523472132',
    receiver: '姜利娜',
    address: '陕西省西安市长安区,西安市高新区sotyre博士路站,',
    dataObj: { product: [Object], address: [Object] },
    status: '3',
    applyTime: '2018-03-26 18:25:35',
    reviewTime: '2018-03-27 09:39:30',
    reviewInfo: '',
    reviewLevel: '0',
    equipId: 'b796745a4fe790e40128784e6cfe651c',
    failureTime: '2018-04-03',
    applyStartTime: '2018-03-29 00:00:00',
    applyEndTime: '2018-03-29 23:59:59',
    buyStartTime: '2018-03-29 10:00:00',
    buyEndTime: '2018-03-29 16:00:00',
    pid: -1,
    failureDay: 7,
    buyCycleDay: 7 },
  { id: 2595476,
    platformId: '0003',
    goodsCode: '23',
    goodsId: '391',
    userId: '2242916',
    userName: '&18037798213',
    registPhone: '18037798213',
    receivePhone: '13403736360',
    receiver: '姜永亮',
    address: '陕西省西安市雁塔区,西安市高新区易速办公商店,16排',
    dataObj: { product: [Object], address: [Object] },
    status: '3',
    applyTime: '2018-03-21 10:14:01',
    reviewTime: '2018-03-22 09:37:13',
    reviewInfo: '',
    reviewLevel: '0',
    equipId: 'e580529645ef94debb1486017967b45e',
    failureTime: '2018-03-29',
    applyStartTime: '2018-03-29 00:00:00',
    applyEndTime: '2018-03-29 23:59:59',
    buyStartTime: '2018-03-29 10:00:00',
    buyEndTime: '2018-03-29 16:00:00',
    pid: -1,
    failureDay: 7,
    buyCycleDay: 7 } ]
[2018-03-29T09:35:39.451] [INFO] console - to Buy tels [ { phone: '13523472132', pass: 'abcdef7758521' },
  { phone: '18037798213', pass: 'abcdef7758521' } ]
[2018-03-29T09:35:39.455] [INFO] console - start to check status { phone: '13523472132', pass: 'abcdef7758521' }
[2018-03-29T09:35:45.076] [INFO] console - start to check status { phone: '18037798213', pass: 'abcdef7758521' }
[2018-03-29T09:35:46.673] [INFO] console - 检查完成
[2018-03-29T09:35:46.673] [INFO] console - [ { id: 2657604,
    platformId: '0003',
    goodsCode: '23',
    goodsId: '391',
    userId: '2257029',
    userName: '&13523472132',
    registPhone: '13523472132',
    receivePhone: '13523472132',
    receiver: '姜利娜',
    address: '陕西省西安市长安区,西安市高新区sotyre博士路站,',
    dataObj: { product: [Object], address: [Object] },
    status: '3',
    applyTime: '2018-03-26 18:25:35',
    reviewTime: '2018-03-27 09:39:30',
    reviewInfo: '',
    reviewLevel: '0',
    equipId: 'b796745a4fe790e40128784e6cfe651c',
    failureTime: '2018-04-03',
    applyStartTime: '2018-03-29 00:00:00',
    applyEndTime: '2018-03-29 23:59:59',
    buyStartTime: '2018-03-29 10:00:00',
    buyEndTime: '2018-03-29 16:00:00',
    pid: -1,
    failureDay: 7,
    buyCycleDay: 7 },
  { id: 2595476,
    platformId: '0003',
    goodsCode: '23',
    goodsId: '391',
    userId: '2242916',
    userName: '&18037798213',
    registPhone: '18037798213',
    receivePhone: '13403736360',
    receiver: '姜永亮',
    address: '陕西省西安市雁塔区,西安市高新区易速办公商店,16排',
    dataObj: { product: [Object], address: [Object] },
    status: '3',
    applyTime: '2018-03-21 10:14:01',
    reviewTime: '2018-03-22 09:37:13',
    reviewInfo: '',
    reviewLevel: '0',
    equipId: 'e580529645ef94debb1486017967b45e',
    failureTime: '2018-03-29',
    applyStartTime: '2018-03-29 00:00:00',
    applyEndTime: '2018-03-29 23:59:59',
    buyStartTime: '2018-03-29 10:00:00',
    buyEndTime: '2018-03-29 16:00:00',
    pid: -1,
    failureDay: 7,
    buyCycleDay: 7 } ]
