[2018-04-12T10:37:56.736] [INFO] things - [32må•†å®¶å·²ç»ä¸Šè´§ï¼Œå¼€å§‹è´­ä¹°æµç¨‹[39m
[2018-04-12T10:37:56.736] [INFO] things - æ¨é€ç½‘ç‚¹ä¿¡æ¯
[2018-04-12T10:37:56.736] [INFO] things - Address: åŒ—äº¬å¸‚æœé˜³åŒºå»ºå›½è·¯88å·SOHOç°ä»£åŸCåº§1001å®¤
[2018-04-12T10:37:56.736] [INFO] things - SName: èŒ…å°äº‘å•†åŒ—äº¬å¸‚å¸‚è¾–åŒºæœé˜³åŒºæœåŠ¡ç½‘ç‚¹
[2018-04-12T10:37:56.736] [INFO] things - DName: åŒ—äº¬ä¹¾å¤ç¦å•†è´¸æœ‰é™å…¬å¸
[2018-04-12T10:37:56.737] [INFO] things - SID: 211110105016
[2018-04-12T10:37:56.737] [INFO] things - total: 6
[2018-04-12T10:37:56.737] [INFO] things - limit: 6
[2018-04-12T10:37:56.737] [INFO] things - scopeAddress 1951737
[2018-04-12T10:37:56.737] [INFO] things - create order params { '0': { phone: '13513642792', pass: 'a123456', addressId: 1951737 },
  '1': '391',
  '2': 6,
  '3': 6,
--
[2018-04-12T10:38:00.213] [INFO] things - [32må•†å®¶å·²ç»ä¸Šè´§ï¼Œå¼€å§‹è´­ä¹°æµç¨‹[39m
[2018-04-12T10:38:00.213] [INFO] things - æ¨é€ç½‘ç‚¹ä¿¡æ¯
[2018-04-12T10:38:00.213] [INFO] things - Address: åŒ—äº¬å¸‚æœé˜³åŒºå»ºå›½è·¯88å·SOHOç°ä»£åŸCåº§1001å®¤
[2018-04-12T10:38:00.213] [INFO] things - SName: èŒ…å°äº‘å•†åŒ—äº¬å¸‚å¸‚è¾–åŒºæœé˜³åŒºæœåŠ¡ç½‘ç‚¹
[2018-04-12T10:38:00.213] [INFO] things - DName: åŒ—äº¬ä¹¾å¤ç¦å•†è´¸æœ‰é™å…¬å¸
[2018-04-12T10:38:00.213] [INFO] things - SID: 211110105016
[2018-04-12T10:38:00.214] [INFO] things - total: 6
[2018-04-12T10:38:00.214] [INFO] things - limit: 6
[2018-04-12T10:38:00.214] [INFO] things - scopeAddress 1951805
[2018-04-12T10:38:00.214] [INFO] things - create order params { '0': { phone: '18533703270', pass: 'a123456', addressId: 1951805 },
  '1': '391',
  '2': 6,
  '3': 6,
--
[2018-04-12T10:39:53.948] [INFO] things - [32må•†å®¶å·²ç»ä¸Šè´§ï¼Œå¼€å§‹è´­ä¹°æµç¨‹[39m
[2018-04-12T10:39:53.949] [INFO] things - æ¨é€ç½‘ç‚¹ä¿¡æ¯
[2018-04-12T10:39:53.949] [INFO] things - Address: åˆè‚¥å¸‚ä¸´æ³‰ä¸­è·¯ç¾æ™¨é›…é˜è¥¿è‹‘108å•†é“º
[2018-04-12T10:39:53.949] [INFO] things - SName: èŒ…å°äº‘å•†å®‰å¾½çœåˆè‚¥å¸‚ç‘¶æµ·åŒºæœåŠ¡ç½‘ç‚¹
[2018-04-12T10:39:53.949] [INFO] things - DName: åˆè‚¥å›½é…’ç¼˜è´¸æ˜“æœ‰é™å…¬å¸
[2018-04-12T10:39:53.949] [INFO] things - SID: 134340100004
[2018-04-12T10:39:53.949] [INFO] things - total: 18
[2018-04-12T10:39:53.949] [INFO] things - limit: 6
[2018-04-12T10:39:53.949] [INFO] things - scopeAddress 1961844
[2018-04-12T10:39:53.949] [INFO] things - create order params { '0': { phone: '18734572393', pass: 'a123456', addressId: 1961844 },
  '1': '391',
  '2': 6,
  '3': 18,
--
[2018-04-12T10:40:21.638] [INFO] things - [32må•†å®¶å·²ç»ä¸Šè´§ï¼Œå¼€å§‹è´­ä¹°æµç¨‹[39m
[2018-04-12T10:40:21.638] [INFO] things - æ¨é€ç½‘ç‚¹ä¿¡æ¯
[2018-04-12T10:40:21.638] [INFO] things - Address: éµä¹‰å¸‚æ–°è’²æ–°åŒºé•¿æ–°å¤§é“ä¸œåŸå›½é™…-æ™ºæ…§å®¶å±…å…¬å›­4å·æ¥¼9-29
[2018-04-12T10:40:21.638] [INFO] things - SName: èŒ…å°äº‘å•†è´µå·çœéµä¹‰å¸‚æ–°è’²æ–°åŒºæœåŠ¡ç½‘ç‚¹
[2018-04-12T10:40:21.638] [INFO] things - DName: éµä¹‰é‘«è¾°è´¸æ˜“æœ‰é™å…¬å¸
[2018-04-12T10:40:21.638] [INFO] things - SID: 252520385001
[2018-04-12T10:40:21.639] [INFO] things - total: 8
[2018-04-12T10:40:21.639] [INFO] things - limit: 6
[2018-04-12T10:40:21.639] [INFO] things - [32må¯æƒœä¸åœ¨è´­ä¹°é”å®šèŒƒå›´å†…[39m
[2018-04-12T10:40:25.367] [INFO] things - åº“å­˜ä¿¡æ¯ { Sid: '252520183034',
  Pid: 391,
  Pcode: '23',
  CanSale: true,
--
[2018-04-12T10:40:29.931] [INFO] things - [32må•†å®¶å·²ç»ä¸Šè´§ï¼Œå¼€å§‹è´­ä¹°æµç¨‹[39m
[2018-04-12T10:40:29.931] [INFO] things - æ¨é€ç½‘ç‚¹ä¿¡æ¯
[2018-04-12T10:40:29.931] [INFO] things - Address: åˆè‚¥å¸‚ä¸´æ³‰ä¸­è·¯ç¾æ™¨é›…é˜è¥¿è‹‘108å•†é“º
[2018-04-12T10:40:29.931] [INFO] things - SName: èŒ…å°äº‘å•†å®‰å¾½çœåˆè‚¥å¸‚ç‘¶æµ·åŒºæœåŠ¡ç½‘ç‚¹
[2018-04-12T10:40:29.932] [INFO] things - DName: åˆè‚¥å›½é…’ç¼˜è´¸æ˜“æœ‰é™å…¬å¸
[2018-04-12T10:40:29.932] [INFO] things - SID: 134340100004
[2018-04-12T10:40:29.932] [INFO] things - total: 18
[2018-04-12T10:40:29.932] [INFO] things - limit: 6
[2018-04-12T10:40:29.933] [INFO] things - scopeAddress 1893645
[2018-04-12T10:40:29.933] [INFO] things - create order params { '0': { phone: '189469