[2018-03-30T11:19:17.906] [INFO] things - object
[2018-03-30T11:19:17.910] [INFO] things - 开始预约: 18593078244
[2018-03-30T11:19:22.964] [INFO] things - start get addressID from mobile: 18593078244
[2018-03-30T11:19:24.391] [INFO] things - 定位查询结果 { state: true,
  code: 10,
  data: 
   { IsNeedReservation: true,
     IsIntercept: false,
     ProductID: 0,
     CanUseCredence: false,
     Certificate: null,
     EnterTimeSlot: 
      { Start: '2018-03-30 00:00:00',
        End: '2018-03-30 23:59:59',
        InTime: true },
     BuyTimeSlot: 
      { Start: '2018-03-30 10:00:00',
        End: '2018-03-30 16:00:00',
        InTime: true } } }
[2018-03-30T11:19:27.357] [INFO] things - 预约结果 {"state":true,"code":101,"msg":"(经系统检测,您的收货信息存在安全隐患,不能购买此商品,如有异议可提交申诉,审核通过后会恢复购买权限)"}
[2018-03-30T11:19:27.357] [INFO] things - 预约结果 18593078244 {"state":true,"code":101,"msg":"(经系统检测,您的收货信息存在安全隐患,不能购买此商品,如有异议可提交申诉,审核通过后会恢复购买权限)"}
[2018-03-30T11:19:28.360] [INFO] things - object
[2018-03-30T11:19:28.361] [INFO] things - 开始预约: 15635316166
[2018-03-30T11:19:29.434] [INFO] things - start get addressID from mobile: 15635316166
[2018-03-30T11:19:31.524] [INFO] things - 定位查询结果 { state: true,
  code: 10,
  data: 
   { IsNeedReservation: true,
     IsIntercept: false,
     ProductID: 0,
     CanUseCredence: false,
     Certificate: null,
     EnterTimeSlot: 
      { Start: '2018-03-30 00:00:00',
        End: '2018-03-30 23:59:59',
        InTime: true },
     BuyTimeSlot: 
      { Start: '2018-03-30 10:00:00',
        End: '2018-03-30 16:00:00',
        InTime: true } } }
[2018-03-30T11:19:32.669] [INFO] things - 预约结果 {"state":true,"code":101,"msg":"(经系统检测,您的收货信息存在安全隐患,不能购买此商品,如有异议可提交申诉,审核通过后会恢复购买权限)"}
[2018-03-30T11:19:32.669] [INFO] things - 预约结果 15635316166 {"state":true,"code":101,"msg":"(经系统检测,您的收货信息存在安全隐患,不能购买此商品,如有异议可提交申诉,审核通过后会恢复购买权限)"}
[2018-03-30T11:19:33.673] [INFO] things - object
[2018-03-30T11:19:33.674] [INFO] things - 开始预约: 15535874373
[2018-03-30T11:19:35.844] [INFO] things - start get addressID from mobile: 15535874373
[2018-03-30T11:19:39.018] [INFO] things - 定位查询结果 { state: true,
  code: 10,
  data: 
   { IsNeedReservation: true,
     IsIntercept: false,
     ProductID: 0,
     CanUseCredence: false,
     Certificate: null,
     EnterTimeSlot: 
      { Start: '2018-03-30 00:00:00',
        End: '2018-03-30 23:59:59',
        InTime: true },
     BuyTimeSlot: 
      { Start: '2018-03-30 10:00:00',
        End: '2018-03-30 16:00:00',
        InTime: true } } }
[2018-03-30T11:19:40.759] [INFO] things - 预约结果 {"state":true,"code":101,"msg":"(经系统检测,您的收货信息存在安全隐患,不能购买此商品,如有异议可提交申诉,审核通过后会恢复购买权限)"}
[2018-03-30T11:19:40.759] [INFO] things - 预约结果 15535874373 {"state":true,"code":101,"msg":"(经系统检测,您的收货信息存在安全隐患,不能购买此商品,如有异议可提交申诉,审核通过后会恢复购买权限)"}
[2018-03-30T11:19:41.762] [INFO] things - object
[2018-03-30T11:19:41.763] [INFO] things - 开始预约: 13052107547
[2018-03-30T11:19:42.724] [INFO] things - start get addressID from mobile: 13052107547
[2018-03-30T11:19:44.521] [INFO] things - 定位查询结果 { state: true,
  code: 10,
  data: 
   { IsNeedReservation: true,
     IsIntercept: false,
     ProductID: 0,
     CanUseCredence: false,
     Certificate: null,
     EnterTimeSlot: 
      { Start: '2018-03-30 00:00:00',
        End: '2018-03-30 23:59:59',
        InTime: true },
     BuyTimeSlot: 
      { Start: '2018-03-30 10:00:00',
        End: '2018-03-30 16:00:00',
        InTime: true } } }
[2018-03-30T11:19:45.879] [INFO] things - 预约结果 {"state":true,"code":101,"msg":"(经系统检测,您的账号信息存在安全隐患,不能购买此商品,如有异议可提交申诉,审核通过后会恢复购买权限)"}
[2018-03-30T11:19:45.879] [INFO] things - 预约结果 13052107547 {"state":true,"code":101,"msg":"(经系统检测,您的账号信息存在安全隐患,不能购买此商品,如有异议可提交申诉,审核通过后会恢复购买权限)"}
[2018-03-30T11:19:46.885] [INFO] things - object
[2018-03-30T11:19:46.885] [INFO] things - 开始预约: 15535874823
[2018-03-30T11:19:47.950] [INFO] things - start get addressID from mobile: 15535874823
[2018-03-30T11:19:51.822] [INFO] things - 定位查询结果 { state: true,
  code: 10,
  data: 
   { IsNeedReservation: true,
     IsIntercept: false,
     ProductID: 0,
     CanUseCredence: false,
     Certificate: null,
     EnterTimeSlot: 
      { Start: '2018-03-30 00:00:00',
        End: '2018-03-30 23:59:59',
        InTime: true },
     BuyTimeSlot: 
      { Start: '2018-03-30 10:00:00',
        End: '2018-03-30 16:00:00',
        InTime: true } } }
[2018-03-30T11:19:52.827] [INFO] things - 预约结果 {"state":true,"code":101,"msg":"(经系统检测,您的收货信息存在安全隐患,不能购买此商品,如有异议可提交申诉,审核通过后会恢复购买权限)"}
[2018-03-30T11:19:52.827] [INFO] things - 预约结果 15535874823 {"state":true,"code":101,"msg":"(经系统检测,您的收货信息存在安全隐患,不能购买此商品,如有异议可提交申诉,审核通过后会恢复购买权限)"}
[2018-03-30T11:19:53.832] [INFO] things - object
[2018-03-30T11:19:53.833] [INFO] things - 开始预约: 15525146023
[2018-03-30T11:19:57.003] [INFO] things - start get addressID from mobile: 15525146023
[2018-03-30T11:19:58.867] [INFO] things - 定位查询结果 { state: true,
  code: 10,
  data: 
   { IsNeedReservation: true,
     IsIntercept: false,
     ProductID: 0,
     CanUseCredence: false,
     Certificate: null,
     EnterTimeSlot: 
      { Start: '2018-03-30 00:00:00',
        End: '2018-03-30 23:59:59',
        InTime: true },
     BuyTimeSlot: 
      { Start: '2018-03-30 10:00:00',
        End: '2018-03-30 16:00:00',
        InTime: true } } }
[2018-03-30T11:20:00.010] [INFO] things - 预约结果 {"state":true,"code":101,"msg":"(经系统检测,您的收货信息存在安全隐患,不能购买此商品,如有异议可提交申诉,审核通过后会恢复购买权限)"}
[2018-03-30T11:20:00.010] [INFO] things - 预约结果 15525146023 {"state":true,"code":101,"msg":"(经系统检测,您的收货信息存在安全隐患,不能购买此商品,如有异议可提交申诉,审核通过后会恢复购买权限)"}
[2018-03-30T11:20:01.015] [INFO] things - object
[2018-03-30T11:20:01.016] [INFO] things - 开始预约: 17331831740
[2018-03-30T11:20:02.101] [INFO] things - start get addressID from mobile: 17331831740
[2018-03-30T11:20:03.803] [INFO] things - 定位查询结果 { state: true,
  code: 10,
  data: 
   { IsNeedReservation: true,
     IsIntercept: false,
     ProductID: 0,
     CanUseCredence: false,
     Certificate: null,
     EnterTimeSlot: 
      { Start: '2018-03-30 00:00:00',
        End: '2018-03-30 23:59:59',
        InTime: true },
     BuyTimeSlot: 
      { Start: '2018-03-30 10:00:00',
        End: '2018-03-30 16:00:00',
        InTime: true } } }
[2018-03-30T11:20:04.692] [INFO] things - 预约结果 {"state":true,"code":0,"msg":"提交预约信息成功"}
[2018-03-30T11:20:04.692] [INFO] things - 预约结果 17331831740 {"state":true,"code":0,"msg":"提交预约信息成功"}
[2018-03-30T11:20:05.698] [INFO] things - object
[2018-03-30T11:20:05.699] [INFO] things - 开始预约: 15582882641
[2018-03-30T11:20:08.613] [INFO] things - start get addressID from mobile: 15582882641
[2018-03-30T11:20:18.852] [INFO] things - 定位查询结果 { state: true,
  code: 10,
  data: 
   { IsNeedReservation: true,
     IsIntercept: false,
     ProductID: 0,
     CanUseCredence: false,
     Certificate: null,
     EnterTimeSlot: 
      { Start: '2018-03-30 00:00:00',
        End: '2018-03-30 23:59:59',
        InTime: true },
     BuyTimeSlot: 
      { Start: '2018-03-30 10:00:00',
        End: '2018-03-30 16:00:00',
        InTime: true } } }
[2018-03-30T11:20:24.076] [INFO] things - 预约结果 {"state":true,"code":101,"msg":"(经系统检测,您的收货信息存在安全隐患,不能购买此商品,如有异议可提交申诉,审核通过后会恢复购买权限)"}
[2018-03-30T11:20:24.077] [INFO] things - 预约结果 15582882641 {"state":true,"code":101,"msg":"(经系统检测,您的收货信息存在安全隐患,不能购买此商品,如有异议可提交申诉,审核通过后会恢复购买权限)"}
[2018-03-30T11:20:25.082] [INFO] things - object
[2018-03-30T11:20:25.083] [INFO] things - 开始预约: 15564917183
[2018-03-30T11:20:26.129] [INFO] things - start get addressID from mobile: 15564917183
[2018-03-30T11:20:28.074] [INFO] things - 定位查询结果 { state: true,
  code: 10,
  data: 
   { IsNeedReservation: true,
     IsIntercept: false,
     ProductID: 0,
     CanUseCredence: false,
     Certificate: null,
     EnterTimeSlot: 
      { Start: '2018-03-30 00:00:00',
        End: '2018-03-30 23:59:59',
        InTime: true },
     BuyTimeSlot: 
      { Start: '2018-03-30 10:00:00',
        End: '2018-03-30 16:00:00',
        InTime: true } } }
[2018-03-30T11:20:29.399] [INFO] things - 预约结果 {"state":true,"code":101,"msg":"(经系统检测,您的收货信息存在安全隐患,不能购买此商品,如有异议可提交申诉,审核通过后会恢复购买权限)"}
[2018-03-30T11:20:29.400] [INFO] things - 预约结果 15564917183 {"state":true,"code":101,"msg":"(经系统检测,您的收货信息存在安全隐患,不能购买此商品,如有异议可提交申诉,审核通过后会恢复购买权限)"}
[2018-03-30T11:20:30.404] [INFO] things - object
[2018-03-30T11:20:30.404] [INFO] things - 开始预约: 18545086596
[2018-03-30T11:20:32.471] [INFO] things - start get addressID from mobile: 18545086596
[2018-03-30T11:20:53.874] [INFO] things - error { Error: socket hang up
    at TLSSocket.onHangUp (_tls_wrap.js:1135:19)
    at Object.onceWrapper (events.js:313:30)
    at emitNone (events.js:111:20)
    at TLSSocket.emit (events.js:208:7)
    at endReadableNT (_stream_readable.js:1056:12)
    at _combinedTickCallback (internal/process/next_tick.js:138:11)
    at process._tickCallback (internal/process/next_tick.js:180:9)
  code: 'ECONNRESET',
  path: undefined,
  host: undefined,
  port: 0,
  localAddress: undefined }
[2018-03-30T11:20:54.883] [INFO] things - object
[2018-03-30T11:20:54.883] [INFO] things - 开始预约: 17732510974
[2018-03-30T11:20:56.214] [INFO] things - start get addressID from mobile: 17732510974
[2018-03-30T11:20:58.584] [INFO] things - 定位查询结果 { state: true,
  code: 10,
  data: 
   { IsNeedReservation: true,
     IsIntercept: false,
     ProductID: 0,
     CanUseCredence: false,
     Certificate: null,
     EnterTimeSlot: 
      { Start: '2018-03-30 00:00:00',
        End: '2018-03-30 23:59:59',
        InTime: true },
     BuyTimeSlot: 
      { Start: '2018-03-30 10:00:00',
        End: '2018-03-30 16:00:00',
        InTime: true } } }
[2018-03-30T11:21:01.127] [INFO] things - 预约结果 {"state":true,"code":101,"msg":"(经系统检测,您的收货信息存在安全隐患,不能购买此商品,如有异议可提交申诉,审核通过后会恢复购买权限)"}
[2018-03-30T11:21:01.128] [INFO] things - 预约结果 17732510974 {"state":true,"code":101,"msg":"(经系统检测,您的收货信息存在安全隐患,不能购买此商品,如有异议可提交申诉,审核通过后会恢复购买权限)"}
[2018-03-30T11:21:02.132] [INFO] things - object
[2018-03-30T11:21:02.133] [INFO] things - 开始预约: 18241816845
[2018-03-30T11:21:03.250] [INFO] things - start get addressID from mobile: 18241816845
[2018-03-30T11:21:09.234] [INFO] things - 定位查询结果 { state: true,
  code: 10,
  data: 
   { IsNeedReservation: true,
     IsIntercept: false,
     ProductID: 0,
     CanUseCredence: false,
     Certificate: null,
     EnterTimeSlot: 
      { Start: '2018-03-30 00:00:00',
        End: '2018-03-30 23:59:59',
        InTime: true },
     BuyTimeSlot: 
      { Start: '2018-03-30 10:00:00',
        End: '2018-03-30 16:00:00',
        InTime: true } } }
[2018-03-30T11:21:10.462] [INFO] things - 预约结果 {"state":true,"code":101,"msg":"(经系统检测,您的收货信息存在安全隐患,不能购买此商品,如有异议可提交申诉,审核通过后会恢复购买权限)"}
[2018-03-30T11:21:10.463] [INFO] things - 预约结果 18241816845 {"state":true,"code":101,"msg":"(经系统检测,您的收货信息存在安全隐患,不能购买此商品,如有异议可提交申诉,审核通过后会恢复购买权限)"}
[2018-03-30T11:21:11.464] [INFO] things - object
[2018-03-30T11:21:11.465] [INFO] things - 开始预约: 15682637686
[2018-03-30T11:21:12.517] [INFO] things - start get addressID from mobile: 15682637686
[2018-03-30T11:21:14.558] [INFO] things - 定位查询结果 { state: true,
  code: 10,
  data: 
   { IsNeedReservation: true,
     IsIntercept: false,
     ProductID: 0,
     CanUseCredence: false,
     Certificate: null,
     EnterTimeSlot: 
      { Start: '2018-03-30 00:00:00',
        End: '2018-03-30 23:59:59',
        InTime: true },
     BuyTimeSlot: 
      { Start: '2018-03-30 10:00:00',
        End: '2018-03-30 16:00:00',
        InTime: true } } }
[2018-03-30T11:21:15.685] [INFO] things - 预约结果 {"state":true,"code":101,"msg":"(经系统检测,您的收货信息存在安全隐患,不能购买此商品,如有异议可提交申诉,审核通过后会恢复购买权限)"}
[2018-03-30T11:21:15.685] [INFO] things - 预约结果 15682637686 {"state":true,"code":101,"msg":"(经系统检测,您的收货信息存在安全隐患,不能购买此商品,如有异议可提交申诉,审核通过后会恢复购买权限)"}
[2018-03-30T11:21:16.689] [INFO] things - object
[2018-03-30T11:21:16.689] [INFO] things - 开始预约: 15934072914
[2018-03-30T11:21:17.780] [INFO] things - start get addressID from mobile: 15934072914
[2018-03-30T11:21:19.766] [INFO] things - 定位查询结果 { state: true,
  code: 10,
  data: 
   { IsNeedReservation: true,
     IsIntercept: false,
     ProductID: 0,
     CanUseCredence: false,
     Certificate: null,
     EnterTimeSlot: 
      { Start: '2018-03-30 00:00:00',
        End: '2018-03-30 23:59:59',
        InTime: true },
     BuyTimeSlot: 
      { Start: '2018-03-30 10:00:00',
        End: '2018-03-30 16:00:00',
        InTime: true } } }
[2018-03-30T11:21:20.920] [INFO] things - 预约结果 {"state":true,"code":101,"msg":"(经系统检测,您的收货信息存在安全隐患,不能购买此商品,如有异议可提交申诉,审核通过后会恢复购买权限)"}
[2018-03-30T11:21:20.921] [INFO] things - 预约结果 15934072914 {"state":true,"code":101,"msg":"(经系统检测,您的收货信息存在安全隐患,不能购买此商品,如有异议可提交申诉,审核通过后会恢复购买权限)"}
[2018-03-30T11:21:21.923] [INFO] things - object
[2018-03-30T11:21:21.924] [INFO] things - 开始预约: 18909564220
[2018-03-30T11:21:23.190] [INFO] things - start get addressID from mobile: 18909564220
[2018-03-30T11:21:25.720] [INFO] things - 定位查询结果 { state: true,
  code: 10,
  data: 
   { IsNeedReservation: true,
     IsIntercept: false,
     ProductID: 0,
     CanUseCredence: false,
     Certificate: null,
     EnterTimeSlot: 
      { Start: '2018-03-30 00:00:00',
        End: '2018-03-30 23:59:59',
        InTime: true },
     BuyTimeSlot: 
      { Start: '2018-03-30 10:00:00',
        End: '2018-03-30 16:00:00',
        InTime: true } } }
[2018-03-30T11:21:27.141] [INFO] things - 预约结果 {"state":true,"code":0,"msg":"提交预约信息成功"}
[2018-03-30T11:21:27.141] [INFO] things - 预约结果 18909564220 {"state":true,"code":0,"msg":"提交预约信息成功"}
[2018-03-30T11:21:28.146] [INFO] things - object
[2018-03-30T11:21:28.147] [INFO] things - 开始预约: 13843910857
[2018-03-30T11:21:34.936] [INFO] things - start get addressID from mobile: 13843910857
[2018-03-30T11:21:38.930] [INFO] things - 定位查询结果 { state: true,
  code: 10,
  data: 
   { IsNeedReservation: true,
     IsIntercept: false,
     ProductID: 0,
     CanUseCredence: false,
     Certificate: null,
     EnterTimeSlot: 
      { Start: '2018-03-30 00:00:00',
        End: '2018-03-30 23:59:59',
        InTime: true },
     BuyTimeSlot: 
      { Start: '2018-03-30 10:00:00',
        End: '2018-03-30 16:00:00',
        InTime: true } } }
[2018-03-30T11:21:42.206] [INFO] things - 预约结果 {"state":true,"code":101,"msg":"(经系统检测,您的收货信息存在安全隐患,不能购买此商品,如有异议可提交申诉,审核通过后会恢复购买权限)"}
[2018-03-30T11:21:42.207] [INFO] things - 预约结果 13843910857 {"state":true,"code":101,"msg":"(经系统检测,您的收货信息存在安全隐患,不能购买此商品,如有异议可提交申诉,审核通过后会恢复购买权限)"}
[2018-03-30T11:21:43.212] [INFO] things - object
[2018-03-30T11:21:43.213] [INFO] things - 开始预约: 17073020029
[2018-03-30T11:21:44.375] [INFO] things - start get addressID from mobile: 17073020029
[2018-03-30T11:21:46.610] [INFO] things - 定位查询结果 { state: true,
  code: 10,
  data: 
   { IsNeedReservation: true,
     IsIntercept: false,
     ProductID: 0,
     CanUseCredence: false,
     Certificate: null,
     EnterTimeSlot: 
      { Start: '2018-03-30 00:00:00',
        End: '2018-03-30 23:59:59',
        InTime: true },
     BuyTimeSlot: 
      { Start: '2018-03-30 10:00:00',
        End: '2018-03-30 16:00:00',
        InTime: true } } }
[2018-03-30T11:21:48.146] [INFO] things - 预约结果 {"state":true,"code":101,"msg":"(经系统检测,您的账号信息存在安全隐患,不能购买此商品,如有异议可提交申诉,审核通过后会恢复购买权限)"}
[2018-03-30T11:21:48.147] [INFO] things - 预约结果 17073020029 {"state":true,"code":101,"msg":"(经系统检测,您的账号信息存在安全隐患,不能购买此商品,如有异议可提交申诉,审核通过后会恢复购买权限)"}
[2018-03-30T11:21:49.147] [INFO] things - object
[2018-03-30T11:21:49.148] [INFO] things - 开始预约: 15535890431
[2018-03-30T11:21:50.470] [INFO] things - start get addressID from mobile: 15535890431
[2018-03-30T11:21:52.959] [INFO] things - 定位查询结果 { state: true,
  code: 10,
  data: 
   { IsNeedReservation: true,
     IsIntercept: false,
     ProductID: 0,
     CanUseCredence: false,
     Certificate: null,
     EnterTimeSlot: 
      { Start: '2018-03-30 00:00:00',
        End: '2018-03-30 23:59:59',
        InTime: true },
     BuyTimeSlot: 
      { Start: '2018-03-30 10:00:00',
        End: '2018-03-30 16:00:00',
        InTime: true } } }
[2018-03-30T11:21:54.393] [INFO] things - 预约结果 {"state":true,"code":101,"msg":"(经系统检测,您的收货信息存在安全隐患,不能购买此商品,如有异议可提交申诉,审核通过后会恢复购买权限)"}
[2018-03-30T11:21:54.393] [INFO] things - 预约结果 15535890431 {"state":true,"code":101,"msg":"(经系统检测,您的收货信息存在安全隐患,不能购买此商品,如有异议可提交申诉,审核通过后会恢复购买权限)"}
[2018-03-30T11:21:55.396] [INFO] things - object
[2018-03-30T11:21:55.397] [INFO] things - 开始预约: 15303529430
[2018-03-30T11:21:56.543] [INFO] things - start get addressID from mobile: 15303529430
[2018-03-30T11:21:58.489] [INFO] things - 定位查询结果 { state: true,
  code: 10,
  data: 
   { IsNeedReservation: true,
     IsIntercept: false,
     ProductID: 0,
     CanUseCredence: false,
     Certificate: null,
     EnterTimeSlot: 
      { Start: '2018-03-30 00:00:00',
        End: '2018-03-30 23:59:59',
        InTime: true },
     BuyTimeSlot: 
      { Start: '2018-03-30 10:00:00',
        End: '2018-03-30 16:00:00',
        InTime: true } } }
[2018-03-30T11:22:00.437] [INFO] things - 预约结果 {"state":true,"code":0,"msg":"提交预约信息成功"}
[2018-03-30T11:22:00.437] [INFO] things - 预约结果 15303529430 {"state":true,"code":0,"msg":"提交预约信息成功"}
[2018-03-30T11:22:01.442] [INFO] things - object
[2018-03-30T11:22:01.443] [INFO] things - 开始预约: 17635568238
[2018-03-30T11:22:02.460] [INFO] things - start get addressID from mobile: 17635568238
[2018-03-30T11:22:04.445] [INFO] things - 定位查询结果 { state: true,
  code: 10,
  data: 
   { IsNeedReservation: true,
     IsIntercept: false,
     ProductID: 0,
     CanUseCredence: false,
     Certificate: null,
     EnterTimeSlot: 
      { Start: '2018-03-30 00:00:00',
        End: '2018-03-30 23:59:59',
        InTime: true },
     BuyTimeSlot: 
      { Start: '2018-03-30 10:00:00',
        End: '2018-03-30 16:00:00',
        InTime: true } } }
[2018-03-30T11:22:05.554] [INFO] things - 预约结果 {"state":true,"code":101,"msg":"(经系统检测,您的收货信息存在安全隐患,不能购买此商品,如有异议可提交申诉,审核通过后会恢复购买权限)"}
[2018-03-30T11:22:05.555] [INFO] things - 预约结果 17635568238 {"state":true,"code":101,"msg":"(经系统检测,您的收货信息存在安全隐患,不能购买此商品,如有异议可提交申诉,审核通过后会恢复购买权限)"}
[2018-03-30T11:22:06.559] [INFO] things - object
[2018-03-30T11:22:06.559] [INFO] things - 开始预约: 15535486077
[2018-03-30T11:22:09.387] [INFO] things - start get addressID from mobile: 15535486077
[2018-03-30T11:22:12.210] [INFO] things - 定位查询结果 { state: true,
  code: 10,
  data: 
   { IsNeedReservation: true,
     IsIntercept: false,
     ProductID: 0,
     CanUseCredence: false,
     Certificate: null,
     EnterTimeSlot: 
      { Start: '2018-03-30 00:00:00',
        End: '2018-03-30 23:59:59',
        InTime: true },
     BuyTimeSlot: 
      { Start: '2018-03-30 10:00:00',
        End: '2018-03-30 16:00:00',
        InTime: true } } }
[2018-03-30T11:22:13.439] [INFO] things - 预约结果 {"state":true,"code":101,"msg":"(经系统检测,您的收货信息存在安全隐患,不能购买此商品,如有异议可提交申诉,审核通过后会恢复购买权限)"}
[2018-03-30T11:22:13.439] [INFO] things - 预约结果 15535486077 {"state":true,"code":101,"msg":"(经系统检测,您的收货信息存在安全隐患,不能购买此商品,如有异议可提交申诉,审核通过后会恢复购买权限)"}
[2018-03-30T11:22:14.445] [INFO] things - object
[2018-03-30T11:22:14.445] [INFO] things - 开始预约: 18754955373
[2018-03-30T11:22:15.692] [INFO] things - start get addressID from mobile: 18754955373
[2018-03-30T11:22:17.945] [INFO] things - 定位查询结果 { state: true,
  code: 10,
  data: 
   { IsNeedReservation: true,
     IsIntercept: false,
     ProductID: 0,
     CanUseCredence: false,
     Certificate: null,
     EnterTimeSlot: 
      { Start: '2018-03-30 00:00:00',
        End: '2018-03-30 23:59:59',
        InTime: true },
     BuyTimeSlot: 
      { Start: '2018-03-30 10:00:00',
        End: '2018-03-30 16:00:00',
        InTime: true } } }
[2018-03-30T11:22:19.276] [INFO] things - 预约结果 {"state":true,"code":101,"msg":"(经系统检测,您的收货信息存在安全隐患,不能购买此商品,如有异议可提交申诉,审核通过后会恢复购买权限)"}
[2018-03-30T11:22:19.276] [INFO] things - 预约结果 18754955373 {"state":true,"code":101,"msg":"(经系统检测,您的收货信息存在安全隐患,不能购买此商品,如有异议可提交申诉,审核通过后会恢复购买权限)"}
[2018-03-30T11:22:20.281] [INFO] things - object
[2018-03-30T11:22:20.282] [INFO] things - 开始预约: 18154567585
[2018-03-30T11:22:21.633] [INFO] things - start get addressID from mobile: 18154567585
[2018-03-30T11:22:24.089] [INFO] things - 定位查询结果 { state: true,
  code: 10,
  data: 
   { IsNeedReservation: true,
     IsIntercept: false,
     ProductID: 0,
     CanUseCredence: false,
     Certificate: null,
     EnterTimeSlot: 
      { Start: '2018-03-30 00:00:00',
        End: '2018-03-30 23:59:59',
        InTime: true },
     BuyTimeSlot: 
      { Start: '2018-03-30 10:00:00',
        End: '2018-03-30 16:00:00',
        InTime: true } } }
[2018-03-30T11:22:25.480] [INFO] things - 预约结果 {"state":true,"code":101,"msg":"(经系统检测,您的收货信息存在安全隐患,不能购买此商品,如有异议可提交申诉,审核通过后会恢复购买权限)"}
[2018-03-30T11:22:25.481] [INFO] things - 预约结果 18154567585 {"state":true,"code":101,"msg":"(经系统检测,您的收货信息存在安全隐患,不能购买此商品,如有异议可提交申诉,审核通过后会恢复购买权限)"}
[2018-03-30T11:22:26.485] [INFO] things - object
[2018-03-30T11:22:26.486] [INFO] things - 开始预约: 15834343940
[2018-03-30T11:22:27.537] [INFO] things - start get addressID from mobile: 15834343940
[2018-03-30T11:22:29.823] [INFO] things - 定位查询结果 { state: true,
  code: 10,
  data: 
   { IsNeedReservation: true,
     IsIntercept: false,
     ProductID: 0,
     CanUseCredence: false,
     Certificate: null,
     EnterTimeSlot: 
      { Start: '2018-03-30 00:00:00',
        End: '2018-03-30 23:59:59',
        InTime: true },
     BuyTimeSlot: 
      { Start: '2018-03-30 10:00:00',
        End: '2018-03-30 16:00:00',
        InTime: true } } }
[2018-03-30T11:22:30.848] [INFO] things - 预约结果 {"state":true,"code":0,"msg":"提交预约信息成功"}
[2018-03-30T11:22:30.849] [INFO] things - 预约结果 15834343940 {"state":true,"code":0,"msg":"提交预约信息成功"}
[2018-03-30T11:22:31.854] [INFO] things - object
[2018-03-30T11:22:31.854] [INFO] things - 开始预约: 17196748368
[2018-03-30T11:22:33.291] [INFO] things - start get addressID from mobile: 17196748368
[2018-03-30T11:22:35.833] [INFO] things - 定位查询结果 { state: true,
  code: 10,
  data: 
   { IsNeedReservation: true,
     IsIntercept: false,
     ProductID: 0,
     CanUseCredence: false,
     Certificate: null,
     EnterTimeSlot: 
      { Start: '2018-03-30 00:00:00',
        End: '2018-03-30 23:59:59',
        InTime: true },
     BuyTimeSlot: 
      { Start: '2018-03-30 10:00:00',
        End: '2018-03-30 16:00:00',
        InTime: true } } }
[2018-03-30T11:22:37.196] [INFO] things - 预约结果 {"state":true,"code":101,"msg":"(经系统检测,您的收货信息存在安全隐患,不能购买此商品,如有异议可提交申诉,审核通过后会恢复购买权限)"}
[2018-03-30T11:22:37.196] [INFO] things - 预约结果 17196748368 {"state":true,"code":101,"msg":"(经系统检测,您的收货信息存在安全隐患,不能购买此商品,如有异议可提交申诉,审核通过后会恢复购买权限)"}
[2018-03-30T11:22:38.199] [INFO] things - object
[2018-03-30T11:22:38.200] [INFO] things - 开始预约: 15330512791
[2018-03-30T11:22:39.806] [INFO] things - start get addressID from mobile: 15330512791
[2018-03-30T11:22:41.783] [INFO] things - 定位查询结果 { state: true,
  code: 10,
  data: 
   { IsNeedReservation: true,
     IsIntercept: false,
     ProductID: 0,
     CanUseCredence: false,
     Certificate: null,
     EnterTimeSlot: 
      { Start: '2018-03-30 00:00:00',
        End: '2018-03-30 23:59:59',
        InTime: true },
     BuyTimeSlot: 
      { Start: '2018-03-30 10:00:00',
        End: '2018-03-30 16:00:00',
        InTime: true } } }
[2018-03-30T11:22:43.135] [INFO] things - 预约结果 {"state":true,"code":101,"msg":"(经系统检测,您的收货信息存在安全隐患,不能购买此商品,如有异议可提交申诉,审核通过后会恢复购买权限)"}
[2018-03-30T11:22:43.136] [INFO] things - 预约结果 15330512791 {"state":true,"code":101,"msg":"(经系统检测,您的收货信息存在安全隐患,不能购买此商品,如有异议可提交申诉,审核通过后会恢复购买权限)"}
[2018-03-30T11:22:44.143] [INFO] things - 所有手机号预约结束
[2018-03-30T11:22:44.143] [INFO] things - 预约成功:
[2018-03-30T11:22:44.144] [INFO] things - [{"phone":"17331831740","pass":"a123456"},{"phone":"18909564220","pass":"a123456"},{"phone":"15303529430","pass":"a123456"},{"phone":"15834343940","pass":"a123456"}]
[2018-03-30T11:22:44.144] [INFO] things - 预约失败:
[2018-03-30T11:22:44.144] [INFO] things - [{"phone":"18593078244","pass":"a123456","error":"{\"state\":true,\"code\":101,\"msg\":\"(经系统检测,您的收货信息存在安全隐患,不能购买此商品,如有异议可提交申诉,审核通过后会恢复购买权限)\"}"},{"phone":"15635316166","pass":"a123456","error":"{\"state\":true,\"code\":101,\"msg\":\"(经系统检测,您的收货信息存在安全隐患,不能购买此商品,如有异议可提交申诉,审核通过后会恢复购买权限)\"}"},{"phone":"15535874373","pass":"a123456","error":"{\"state\":true,\"code\":101,\"msg\":\"(经系统检测,您的收货信息存在安全隐患,不能购买此商品,如有异议可提交申诉,审核通过后会恢复购买权限)\"}"},{"phone":"13052107547","pass":"a123456","error":"{\"state\":true,\"code\":101,\"msg\":\"(经系统检测,您的账号信息存在安全隐患,不能购买此商品,如有异议可提交申诉,审核通过后会恢复购买权限)\"}"},{"phone":"15535874823","pass":"a123456","error":"{\"state\":true,\"code\":101,\"msg\":\"(经系统检测,您的收货信息存在安全隐患,不能购买此商品,如有异议可提交申诉,审核通过后会恢复购买权限)\"}"},{"phone":"15525146023","pass":"a123456","error":"{\"state\":true,\"code\":101,\"msg\":\"(经系统检测,您的收货信息存在安全隐患,不能购买此商品,如有异议可提交申诉,审核通过后会恢复购买权限)\"}"},{"phone":"15582882641","pass":"a123456","error":"{\"state\":true,\"code\":101,\"msg\":\"(经系统检测,您的收货信息存在安全隐患,不能购买此商品,如有异议可提交申诉,审核通过后会恢复购买权限)\"}"},{"phone":"15564917183","pass":"a123456","error":"{\"state\":true,\"code\":101,\"msg\":\"(经系统检测,您的收货信息存在安全隐患,不能购买此商品,如有异议可提交申诉,审核通过后会恢复购买权限)\"}"},{"phone":"18545086596","pass":"a123456","error":"socket hang up"},{"phone":"17732510974","pass":"a123456","error":"{\"state\":true,\"code\":101,\"msg\":\"(经系统检测,您的收货信息存在安全隐患,不能购买此商品,如有异议可提交申诉,审核通过后会恢复购买权限)\"}"},{"phone":"18241816845","pass":"a123456","error":"{\"state\":true,\"code\":101,\"msg\":\"(经系统检测,您的收货信息存在安全隐患,不能购买此商品,如有异议可提交申诉,审核通过后会恢复购买权限)\"}"},{"phone":"15682637686","pass":"a123456","error":"{\"state\":true,\"code\":101,\"msg\":\"(经系统检测,您的收货信息存在安全隐患,不能购买此商品,如有异议可提交申诉,审核通过后会恢复购买权限)\"}"},{"phone":"15934072914","pass":"a123456","error":"{\"state\":true,\"code\":101,\"msg\":\"(经系统检测,您的收货信息存在安全隐患,不能购买此商品,如有异议可提交申诉,审核通过后会恢复购买权限)\"}"},{"phone":"13843910857","pass":"a123456","error":"{\"state\":true,\"code\":101,\"msg\":\"(经系统检测,您的收货信息存在安全隐患,不能购买此商品,如有异议可提交申诉,审核通过后会恢复购买权限)\"}"},{"phone":"17073020029","pass":"a123456","error":"{\"state\":true,\"code\":101,\"msg\":\"(经系统检测,您的账号信息存在安全隐患,不能购买此商品,如有异议可提交申诉,审核通过后会恢复购买权限)\"}"},{"phone":"15535890431","pass":"a123456","error":"{\"state\":true,\"code\":101,\"msg\":\"(经系统检测,您的收货信息存在安全隐患,不能购买此商品,如有异议可提交申诉,审核通过后会恢复购买权限)\"}"},{"phone":"17635568238","pass":"a123456","error":"{\"state\":true,\"code\":101,\"msg\":\"(经系统检测,您的收货信息存在安全隐患,不能购买此商品,如有异议可提交申诉,审核通过后会恢复购买权限)\"}"},{"phone":"15535486077","pass":"a123456","error":"{\"state\":true,\"code\":101,\"msg\":\"(经系统检测,您的收货信息存在安全隐患,不能购买此商品,如有异议可提交申诉,审核通过后会恢复购买权限)\"}"},{"phone":"18754955373","pass":"a123456","error":"{\"state\":true,\"code\":101,\"msg\":\"(经系统检测,您的收货信息存在安全隐患,不能购买此商品,如有异议可提交申诉,审核通过后会恢复购买权限)\"}"},{"phone":"18154567585","pass":"a123456","error":"{\"state\":true,\"code\":101,\"msg\":\"(经系统检测,您的收货信息存在安全隐患,不能购买此商品,如有异议可提交申诉,审核通过后会恢复购买权限)\"}"},{"phone":"17196748368","pass":"a123456","error":"{\"state\":true,\"code\":101,\"msg\":\"(经系统检测,您的收货信息存在安全隐患,不能购买此商品,如有异议可提交申诉,审核通过后会恢复购买权限)\"}"},{"phone":"15330512791","pass":"a123456","error":"{\"state\":true,\"code\":101,\"msg\":\"(经系统检测,您的收货信息存在安全隐患,不能购买此商品,如有异议可提交申诉,审核通过后会恢复购买权限)\"}"}]
