[2018-03-30T16:46:01.261] [INFO] things - start get addressID from mobile: 18593078244
[2018-03-30T16:46:10.210] [INFO] things - start get addressID from mobile: 15635316166
[2018-03-30T16:46:11.966] [INFO] things - start get addressID from mobile: 15535874373
[2018-03-30T16:46:13.798] [INFO] things - start get addressID from mobile: 13052107547
[2018-03-30T16:46:50.794] [INFO] things - start get addressID from mobile: 18593078244
[2018-03-30T16:46:52.697] [INFO] things - { state: true,
  code: 0,
  data: 
   { ID: 1961823,
     IsDefault: true,
     IsPushAddreess: false,
     Name: '繁峡呼',
     TelPhone: '18593078204',
     Zipcode: '000000',
     ProvCode: '110000',
     CityCode: '110100',
     AreaCode: '110105',
     Remark: '',
     IsVerification: false,
     AddressDetails: '北京市朝阳区,食百汇美食城(双井店)',
     Longitude: 116.479551,
     Latitude: 39.899691,
     Address: '食百汇美食城(双井店)',
     AddressText: '北京市朝阳区' } }
[2018-03-30T16:46:53.707] [INFO] things - start get addressID from mobile: 15635316166
[2018-03-30T16:47:24.870] [INFO] things - start get addressID from mobile: 15535874373
[2018-03-30T16:47:26.477] [INFO] things - { state: true,
  code: 0,
  data: 
   { ID: 1961826,
     IsDefault: true,
     IsPushAddreess: false,
     Name: '裴觉宏',
     TelPhone: '15535874303',
     Zipcode: '000000',
     ProvCode: '110000',
     CityCode: '110100',
     AreaCode: '110105',
     Remark: '',
     IsVerification: false,
     AddressDetails: '北京市朝阳区,呷哺呷哺(广渠路店)',
     Longitude: 116.481483,
     Latitude: 39.899481,
     Address: '呷哺呷哺(广渠路店)',
     AddressText: '北京市朝阳区' } }
[2018-03-30T16:47:27.412] [INFO] things - start get addressID from mobile: 13052107547
[2018-03-30T16:47:29.160] [INFO] things - { state: true,
  code: 0,
  data: 
   { ID: 1961828,
     IsDefault: true,
     IsPushAddreess: false,
     Name: '胡医亿',
     TelPhone: '13052107507',
     Zipcode: '000000',
     ProvCode: '110000',
     CityCode: '110100',
     AreaCode: '110105',
     Remark: '',
     IsVerification: false,
     AddressDetails: '北京市朝阳区,宽板凳老灶火锅(广渠门店)',
     Longitude: 116.481879,
     Latitude: 39.900075,
     Address: '宽板凳老灶火锅(广渠门店)',
     AddressText: '北京市朝阳区' } }
[2018-03-30T16:47:32.430] [INFO] things - start get addressID from mobile: 15535874823
[2018-03-30T16:47:34.771] [INFO] things - { state: true,
  code: 0,
  data: 
   { ID: 1961833,
     IsDefault: true,
     IsPushAddreess: false,
     Name: '干象巴',
     TelPhone: '15535874803',
     Zipcode: '000000',
     ProvCode: '110000',
     CityCode: '110100',
     AreaCode: '110105',
     Remark: '',
     IsVerification: false,
     AddressDetails: '北京市朝阳区,望京小腰(总店)',
     Longitude: 116.472335,
     Latitude: 39.898533,
     Address: '望京小腰(总店)',
     AddressText: '北京市朝阳区' } }
[2018-03-30T16:47:35.632] [INFO] things - start get addressID from mobile: 15525146023
[2018-03-30T16:47:37.250] [INFO] things - { state: true,
  code: 0,
  data: 
   { ID: 1961836,
     IsDefault: true,
     IsPushAddreess: false,
     Name: '冯赞',
     TelPhone: '15525146003',
     Zipcode: '000000',
     ProvCode: '110000',
     CityCode: '110100',
     AreaCode: '110105',
     Remark: '',
     IsVerification: false,
     AddressDetails: '北京市朝阳区,张妈妈特色川味馆(百子湾店)',
     Longitude: 116.471846,
     Latitude: 39.906571,
     Address: '张妈妈特色川味馆(百子湾店)',
     AddressText: '北京市朝阳区' } }
[2018-03-30T16:47:39.027] [INFO] things - start get addressID from mobile: 17331831740
[2018-03-30T16:48:10.388] [INFO] things - start get addressID from mobile: 15582882641
[2018-03-30T16:48:12.026] [INFO] things - { state: true,
  code: 0,
  data: 
   { ID: 1961845,
     IsDefault: true,
     IsPushAddreess: false,
     Name: '应小',
     TelPhone: '15582882601',
     Zipcode: '000000',
     ProvCode: '110000',
     CityCode: '110100',
     AreaCode: '110105',
     Remark: '',
     IsVerification: false,
     AddressDetails: '北京市朝阳区,小小酒家',
     Longitude: 116.475852,
     Latitude: 39.905665,
     Address: '小小酒家',
     AddressText: '北京市朝阳区' } }
[2018-03-30T16:48:13.347] [INFO] things - start get addressID from mobile: 15564917183
[2018-03-30T16:48:15.758] [INFO] things - { state: true,
  code: 0,
  data: 
   { ID: 1961852,
     IsDefault: true,
     IsPushAddreess: false,
     Name: '汪拆',
     TelPhone: '15564917103',
     Zipcode: '000000',
     ProvCode: '110000',
     CityCode: '110100',
     AreaCode: '110105',
     Remark: '',
     IsVerification: false,
     AddressDetails: '北京市朝阳区,渝焱火锅',
     Longitude: 116.473104,
     Latitude: 39.90651,
     Address: '渝焱火锅',
     AddressText: '北京市朝阳区' } }
[2018-03-30T16:48:16.945] [INFO] things - start get addressID from mobile: 18545086596
[2018-03-30T16:48:19.073] [INFO] things - { state: true,
  code: 0,
  data: 
   { ID: 1961858,
     IsDefault: true,
     IsPushAddreess: false,
     Name: '臧央',
     TelPhone: '18545086506',
     Zipcode: '000000',
     ProvCode: '110000',
     CityCode: '110100',
     AreaCode: '110105',
     Remark: '',
     IsVerification: false,
     AddressDetails: '北京市朝阳区,龙庭酒家(西大望路店)',
     Longitude: 116.484851,
     Latitude: 39.896533,
     Address: '龙庭酒家(西大望路店)',
     AddressText: '北京市朝阳区' } }
[2018-03-30T16:48:24.208] [INFO] things - start get addressID from mobile: 17732510974
[2018-03-30T16:48:25.910] [INFO] things - { state: true,
  code: 0,
  data: 
   { ID: 1961859,
     IsDefault: true,
     IsPushAddreess: false,
     Name: '孔璎',
     TelPhone: '17732510904',
     Zipcode: '000000',
     ProvCode: '110000',
     CityCode: '110100',
     AreaCode: '110105',
     Remark: '',
     IsVerification: false,
     AddressDetails: '北京市朝阳区,人民公社大食堂(双井店)',
     Longitude: 116.469769,
     Latitude: 39.896893,
     Address: '人民公社大食堂(双井店)',
     AddressText: '北京市朝阳区' } }
[2018-03-30T16:48:26.895] [INFO] things - start get addressID from mobile: 18241816845
[2018-03-30T16:48:28.659] [INFO] things - { state: true,
  code: 0,
  data: 
   { ID: 1961860,
     IsDefault: true,
     IsPushAddreess: false,
     Name: '厉熙燕',
     TelPhone: '18241816805',
     Zipcode: '000000',
     ProvCode: '110000',
     CityCode: '110100',
     AreaCode: '110105',
     Remark: '',
     IsVerification: false,
     AddressDetails: '北京市朝阳区,大关人东北烤肉',
     Longitude: 116.472535,
     Latitude: 39.901072,
     Address: '大关人东北烤肉',
     AddressText: '北京市朝阳区' } }
[2018-03-30T16:48:29.626] [INFO] things - start get addressID from mobile: 15682637686
[2018-03-30T16:48:31.752] [INFO] things - { state: true,
  code: 0,
  data: 
   { ID: 1961861,
     IsDefault: true,
     IsPushAddreess: false,
     Name: '刁俟黍',
     TelPhone: '15682637606',
     Zipcode: '000000',
     ProvCode: '110000',
     CityCode: '110100',
     AreaCode: '110105',
     Remark: '',
     IsVerification: false,
     AddressDetails: '北京市朝阳区,虾吃虾涮(双井店)',
     Longitude: 116.46902,
     Latitude: 39.902103,
     Address: '虾吃虾涮(双井店)',
     AddressText: '北京市朝阳区' } }
[2018-03-30T16:48:32.712] [INFO] things - start get addressID from mobile: 15934072914
[2018-03-30T16:48:38.325] [INFO] things - { state: true,
  code: 0,
  data: 
   { ID: 1961865,
     IsDefault: true,
     IsPushAddreess: false,
     Name: '充玑枚',
     TelPhone: '15934072904',
     Zipcode: '000000',
     ProvCode: '110000',
     CityCode: '110100',
     AreaCode: '110105',
     Remark: '',
     IsVerification: false,
     AddressDetails: '北京市朝阳区,酷湘',
     Longitude: 116.482341,
     Latitude: 39.906568,
     Address: '酷湘',
     AddressText: '北京市朝阳区' } }
[2018-03-30T16:48:39.559] [INFO] things - start get addressID from mobile: 18909564220
[2018-03-30T16:48:41.968] [INFO] things - { state: true,
  code: 0,
  data: 
   { ID: 1961867,
     IsDefault: true,
     IsPushAddreess: false,
     Name: '宰曾',
     TelPhone: '18909564200',
     Zipcode: '000000',
     ProvCode: '110000',
     CityCode: '110100',
     AreaCode: '110105',
     Remark: '',
     IsVerification: false,
     AddressDetails: '北京市朝阳区,冰城老太太烧烤',
     Longitude: 116.48123,
     Latitude: 39.906433,
     Address: '冰城老太太烧烤',
     AddressText: '北京市朝阳区' } }
[2018-03-30T16:48:42.915] [INFO] things - start get addressID from mobile: 13843910857
[2018-03-30T16:48:45.139] [INFO] things - { state: true,
  code: 0,
  data: 
   { ID: 1961870,
     IsDefault: true,
     IsPushAddreess: false,
     Name: '郎甯',
     TelPhone: '13843910807',
     Zipcode: '000000',
     ProvCode: '110000',
     CityCode: '110100',
     AreaCode: '110105',
     Remark: '',
     IsVerification: false,
     AddressDetails: '北京市朝阳区,江边渔村',
     Longitude: 116.471801,
     Latitude: 39.900815,
     Address: '江边渔村',
     AddressText: '北京市朝阳区' } }
[2018-03-30T16:48:46.434] [INFO] things - start get addressID from mobile: 17073020029
[2018-03-30T16:48:48.829] [INFO] things - { state: true,
  code: 0,
  data: 
   { ID: 1961871,
     IsDefault: true,
     IsPushAddreess: false,
     Name: '康顼',
     TelPhone: '17073020009',
     Zipcode: '000000',
     ProvCode: '110000',
     CityCode: '110100',
     AreaCode: '110105',
     Remark: '',
     IsVerification: false,
     AddressDetails: '北京市朝阳区,桐毅小院儿',
     Longitude: 116.479593,
     Latitude: 39.906521,
     Address: '桐毅小院儿',
     AddressText: '北京市朝阳区' } }
[2018-03-30T16:48:49.827] [INFO] things - start get addressID from mobile: 15535890431
[2018-03-30T16:48:55.375] [INFO] things - { state: true,
  code: 0,
  data: 
   { ID: 1961873,
     IsDefault: true,
     IsPushAddreess: false,
     Name: '邢奠顼',
     TelPhone: '15535890401',
     Zipcode: '000000',
     ProvCode: '110000',
     CityCode: '110100',
     AreaCode: '110105',
     Remark: '',
     IsVerification: false,
     AddressDetails: '北京市朝阳区,家范儿',
     Longitude: 116.471139,
     Latitude: 39.897,
     Address: '家范儿',
     AddressText: '北京市朝阳区' } }
[2018-03-30T16:48:57.314] [INFO] things - start get addressID from mobile: 15303529430
[2018-03-30T16:48:59.915] [INFO] things - { state: true,
  code: 0,
  data: 
   { ID: 1961875,
     IsDefault: true,
     IsPushAddreess: false,
     Name: '王墩',
     TelPhone: '15303529400',
     Zipcode: '000000',
     ProvCode: '110000',
     CityCode: '110100',
     AreaCode: '110105',
     Remark: '',
     IsVerification: false,
     AddressDetails: '北京市朝阳区,大龙燚火锅(双井店)',
     Longitude: 116.474068,
     Latitude: 39.903725,
     Address: '大龙燚火锅(双井店)',
     AddressText: '北京市朝阳区' } }
[2018-03-30T16:49:00.822] [INFO] things - start get addressID from mobile: 17635568238
[2018-03-30T16:49:02.548] [INFO] things - { state: true,
  code: 0,
  data: 
   { ID: 1961943,
     IsDefault: true,
     IsPushAddreess: false,
     Name: '农惟瑕',
     TelPhone: '17635568208',
     Zipcode: '000000',
     ProvCode: '110000',
     CityCode: '110100',
     AreaCode: '110105',
     Remark: '',
     IsVerification: false,
     AddressDetails: '北京市朝阳区,漫牛韩式烤肉',
     Longitude: 116.471659,
     Latitude: 39.900765,
     Address: '漫牛韩式烤肉',
     AddressText: '北京市朝阳区' } }
[2018-03-30T16:49:04.373] [INFO] things - start get addressID from mobile: 15535486077
[2018-03-30T16:49:10.816] [INFO] things - { state: true,
  code: 0,
  data: 
   { ID: 1961944,
     IsDefault: true,
     IsPushAddreess: false,
     Name: '符香蛮',
     TelPhone: '15535486007',
     Zipcode: '000000',
     ProvCode: '110000',
     CityCode: '110100',
     AreaCode: '110105',
     Remark: '',
     IsVerification: false,
     AddressDetails: '北京市朝阳区,汉丽轩烤肉超市(双井店)',
     Longitude: 116.472273,
     Latitude: 39.897059,
     Address: '汉丽轩烤肉超市(双井店)',
     AddressText: '北京市朝阳区' } }
[2018-03-30T16:49:12.002] [INFO] things - start get addressID from mobile: 18754955373
[2018-03-30T16:49:13.940] [INFO] things - { state: true,
  code: 0,
  data: 
   { ID: 1961946,
     IsDefault: true,
     IsPushAddreess: false,
     Name: '崔型',
     TelPhone: '18754955303',
     Zipcode: '000000',
     ProvCode: '110000',
     CityCode: '110100',
     AreaCode: '110105',
     Remark: '',
     IsVerification: false,
     AddressDetails: '北京市朝阳区,金刚山烤肉',
     Longitude: 116.483477,
     Latitude: 39.899658,
     Address: '金刚山烤肉',
     AddressText: '北京市朝阳区' } }
[2018-03-30T16:49:14.921] [INFO] things - start get addressID from mobile: 18154567585
[2018-03-30T16:49:16.681] [INFO] things - { state: true,
  code: 0,
  data: 
   { ID: 1961948,
     IsDefault: true,
     IsPushAddreess: false,
     Name: '宿婉弟',
     TelPhone: '18154567505',
     Zipcode: '000000',
     ProvCode: '110000',
     CityCode: '110100',
     AreaCode: '110105',
     Remark: '',
     IsVerification: false,
     AddressDetails: '北京市朝阳区,汕头八合里海记牛肉店(国贸店)',
     Longitude: 116.469968,
     Latitude: 39.906681,
     Address: '汕头八合里海记牛肉店(国贸店)',
     AddressText: '北京市朝阳区' } }
[2018-03-30T16:49:17.624] [INFO] things - start get addressID from mobile: 15834343940
[2018-03-30T16:49:19.267] [INFO] things - { state: true,
  code: 0,
  data: 
   { ID: 1961950,
     IsDefault: true,
     IsPushAddreess: false,
     Name: '叶枫通',
     TelPhone: '15834343900',
     Zipcode: '000000',
     ProvCode: '110000',
     CityCode: '110100',
     AreaCode: '110105',
     Remark: '',
     IsVerification: false,
     AddressDetails: '北京市朝阳区,鲜牛记牛肉火锅',
     Longitude: 116.485018,
     Latitude: 39.894815,
     Address: '鲜牛记牛肉火锅',
     AddressText: '北京市朝阳区' } }
[2018-03-30T16:49:20.615] [INFO] things - start get addressID from mobile: 17196748368
[2018-03-30T16:49:22.991] [INFO] things - { state: true,
  code: 0,
  data: 
   { ID: 1961953,
     IsDefault: true,
     IsPushAddreess: false,
     Name: '彭淹',
     TelPhone: '17196748308',
     Zipcode: '000000',
     ProvCode: '110000',
     CityCode: '110100',
     AreaCode: '110105',
     Remark: '',
     IsVerification: false,
     AddressDetails: '北京市朝阳区,桐爷春饼店',
     Longitude: 116.47551,
     Latitude: 39.905825,
     Address: '桐爷春饼店',
     AddressText: '北京市朝阳区' } }
[2018-03-30T16:49:23.985] [INFO] things - start get addressID from mobile: 15330512791
[2018-03-30T16:49:25.847] [INFO] things - { state: true,
  code: 0,
  data: 
   { ID: 1961959,
     IsDefault: true,
     IsPushAddreess: false,
     Name: '段壕破',
     TelPhone: '15330512701',
     Zipcode: '000000',
     ProvCode: '110000',
     CityCode: '110100',
     AreaCode: '110105',
     Remark: '',
     IsVerification: false,
     AddressDetails: '北京市朝阳区,常赢三兄弟餐厅',
     Longitude: 116.46942,
     Latitude: 39.906515,
     Address: '常赢三兄弟餐厅',
     AddressText: '北京市朝阳区' } }
[2018-03-30T16:49:58.574] [INFO] things - object
[2018-03-30T16:49:58.580] [INFO] things - 开始预约: 18593078244
[2018-03-30T16:50:00.041] [INFO] things - start get addressID from mobile: 18593078244
[2018-03-30T16:50:06.408] [INFO] things - 定位查询结果 { state: true,
  code: 10,
  data: 
   { IsNeedReservation: true,
     IsIntercept: false,
     ProductID: 0,
     CanUseCredence: false,
     Certificate: null,
     EnterTimeSlot: 
      { Start: '2018-03-30 00:00:00',
        End: '2018-03-30 23:59:59',
        InTime: true },
     BuyTimeSlot: 
      { Start: '2018-03-31 10:00:00',
        End: '2018-03-31 16:00:00',
        InTime: false } } }
[2018-03-30T16:50:07.941] [INFO] things - 预约结果 {"state":true,"code":101,"msg":"(经系统检测,您的收货信息存在安全隐患,不能购买此商品,如有异议可提交申诉,审核通过后会恢复购买权限)"}
[2018-03-30T16:50:07.942] [INFO] things - 预约结果 18593078244 {"state":true,"code":101,"msg":"(经系统检测,您的收货信息存在安全隐患,不能购买此商品,如有异议可提交申诉,审核通过后会恢复购买权限)"}
[2018-03-30T16:50:08.948] [INFO] things - object
[2018-03-30T16:50:08.949] [INFO] things - 开始预约: 15535874373
[2018-03-30T16:50:14.018] [INFO] things - start get addressID from mobile: 15535874373
[2018-03-30T16:50:16.129] [INFO] things - 定位查询结果 { state: true,
  code: 10,
  data: 
   { IsNeedReservation: true,
     IsIntercept: false,
     ProductID: 0,
     CanUseCredence: false,
     Certificate: null,
     EnterTimeSlot: 
      { Start: '2018-03-30 00:00:00',
        End: '2018-03-30 23:59:59',
        InTime: true },
     BuyTimeSlot: 
      { Start: '2018-03-31 10:00:00',
        End: '2018-03-31 16:00:00',
        InTime: false } } }
[2018-03-30T16:50:21.663] [INFO] things - 预约结果 {"state":true,"code":101,"msg":"(经系统检测,您的收货信息存在安全隐患,不能购买此商品,如有异议可提交申诉,审核通过后会恢复购买权限)"}
[2018-03-30T16:50:21.663] [INFO] things - 预约结果 15535874373 {"state":true,"code":101,"msg":"(经系统检测,您的收货信息存在安全隐患,不能购买此商品,如有异议可提交申诉,审核通过后会恢复购买权限)"}
[2018-03-30T16:50:22.668] [INFO] things - object
[2018-03-30T16:50:22.668] [INFO] things - 开始预约: 13052107547
[2018-03-30T16:50:26.125] [INFO] things - start get addressID from mobile: 13052107547
[2018-03-30T16:50:30.616] [INFO] things - 定位查询结果 { state: true,
  code: 10,
  data: 
   { IsNeedReservation: true,
     IsIntercept: false,
     ProductID: 0,
     CanUseCredence: false,
     Certificate: null,
     EnterTimeSlot: 
      { Start: '2018-03-30 00:00:00',
        End: '2018-03-30 23:59:59',
        InTime: true },
     BuyTimeSlot: 
      { Start: '2018-03-31 10:00:00',
        End: '2018-03-31 16:00:00',
        InTime: false } } }
[2018-03-30T16:50:32.016] [INFO] things - 预约结果 {"state":true,"code":101,"msg":"(经系统检测,您的账号信息存在安全隐患,不能购买此商品,如有异议可提交申诉,审核通过后会恢复购买权限)"}
[2018-03-30T16:50:32.016] [INFO] things - 预约结果 13052107547 {"state":true,"code":101,"msg":"(经系统检测,您的账号信息存在安全隐患,不能购买此商品,如有异议可提交申诉,审核通过后会恢复购买权限)"}
[2018-03-30T16:50:33.021] [INFO] things - object
[2018-03-30T16:50:33.022] [INFO] things - 开始预约: 15535874823
[2018-03-30T16:50:34.261] [INFO] things - start get addressID from mobile: 15535874823
[2018-03-30T16:50:40.580] [INFO] things - 定位查询结果 { state: true,
  code: 10,
  data: 
   { IsNeedReservation: true,
     IsIntercept: false,
     ProductID: 0,
     CanUseCredence: false,
     Certificate: null,
     EnterTimeSlot: 
      { Start: '2018-03-30 00:00:00',
        End: '2018-03-30 23:59:59',
        InTime: true },
     BuyTimeSlot: 
      { Start: '2018-03-31 10:00:00',
        End: '2018-03-31 16:00:00',
        InTime: false } } }
[2018-03-30T16:50:42.512] [INFO] things - 预约结果 {"state":true,"code":0,"msg":"提交预约信息成功"}
[2018-03-30T16:50:42.512] [INFO] things - 预约结果 15535874823 {"state":true,"code":0,"msg":"提交预约信息成功"}
[2018-03-30T16:50:43.517] [INFO] things - object
[2018-03-30T16:50:43.518] [INFO] things - 开始预约: 15525146023
[2018-03-30T16:50:44.793] [INFO] things - start get addressID from mobile: 15525146023
[2018-03-30T16:50:46.974] [INFO] things - 定位查询结果 { state: true,
  code: 10,
  data: 
   { IsNeedReservation: true,
     IsIntercept: false,
     ProductID: 0,
     CanUseCredence: false,
     Certificate: null,
     EnterTimeSlot: 
      { Start: '2018-03-30 00:00:00',
        End: '2018-03-30 23:59:59',
        InTime: true },
     BuyTimeSlot: 
      { Start: '2018-03-31 10:00:00',
        End: '2018-03-31 16:00:00',
        InTime: false } } }
[2018-03-30T16:50:48.595] [INFO] things - 预约结果 {"state":true,"code":0,"msg":"提交预约信息成功"}
[2018-03-30T16:50:48.595] [INFO] things - 预约结果 15525146023 {"state":true,"code":0,"msg":"提交预约信息成功"}
[2018-03-30T16:50:49.599] [INFO] things - object
[2018-03-30T16:50:49.599] [INFO] things - 开始预约: 15582882641
[2018-03-30T16:50:50.715] [INFO] things - start get addressID from mobile: 15582882641
[2018-03-30T16:50:52.247] [INFO] things - 定位查询结果 { state: true,
  code: 10,
  data: 
   { IsNeedReservation: true,
     IsIntercept: false,
     ProductID: 0,
     CanUseCredence: false,
     Certificate: null,
     EnterTimeSlot: 
      { Start: '2018-03-30 00:00:00',
        End: '2018-03-30 23:59:59',
        InTime: true },
     BuyTimeSlot: 
      { Start: '2018-03-31 10:00:00',
        End: '2018-03-31 16:00:00',
        InTime: false } } }
[2018-03-30T16:50:53.553] [INFO] things - 预约结果 {"state":true,"code":0,"msg":"提交预约信息成功"}
[2018-03-30T16:50:53.554] [INFO] things - 预约结果 15582882641 {"state":true,"code":0,"msg":"提交预约信息成功"}
[2018-03-30T16:50:54.557] [INFO] things - object
[2018-03-30T16:50:54.557] [INFO] things - 开始预约: 15564917183
[2018-03-30T16:50:55.845] [INFO] things - start get addressID from mobile: 15564917183
[2018-03-30T16:50:57.854] [INFO] things - 定位查询结果 { state: true,
  code: 10,
  data: 
   { IsNeedReservation: true,
     IsIntercept: false,
     ProductID: 0,
     CanUseCredence: false,
     Certificate: null,
     EnterTimeSlot: 
      { Start: '2018-03-30 00:00:00',
        End: '2018-03-30 23:59:59',
        InTime: true },
     BuyTimeSlot: 
      { Start: '2018-03-31 10:00:00',
        End: '2018-03-31 16:00:00',
        InTime: false } } }
[2018-03-30T16:50:59.561] [INFO] things - 预约结果 {"state":true,"code":101,"msg":"(经系统检测,您的账号信息存在安全隐患,不能购买此商品,如有异议可提交申诉,审核通过后会恢复购买权限)"}
[2018-03-30T16:50:59.562] [INFO] things - 预约结果 15564917183 {"state":true,"code":101,"msg":"(经系统检测,您的账号信息存在安全隐患,不能购买此商品,如有异议可提交申诉,审核通过后会恢复购买权限)"}
[2018-03-30T16:51:00.565] [INFO] things - object
[2018-03-30T16:51:00.566] [INFO] things - 开始预约: 18545086596
[2018-03-30T16:51:01.603] [INFO] things - start get addressID from mobile: 18545086596
[2018-03-30T16:51:07.668] [INFO] things - 定位查询结果 { state: true,
  code: 10,
  data: 
   { IsNeedReservation: true,
     IsIntercept: false,
     ProductID: 0,
     CanUseCredence: false,
     Certificate: null,
     EnterTimeSlot: 
      { Start: '2018-03-30 00:00:00',
        End: '2018-03-30 23:59:59',
        InTime: true },
     BuyTimeSlot: 
      { Start: '2018-03-31 10:00:00',
        End: '2018-03-31 16:00:00',
        InTime: false } } }
[2018-03-30T16:51:12.940] [INFO] things - 预约结果 {"state":true,"code":101,"msg":"(经系统检测,您的收货信息存在安全隐患,不能购买此商品,如有异议可提交申诉,审核通过后会恢复购买权限)"}
[2018-03-30T16:51:12.940] [INFO] things - 预约结果 18545086596 {"state":true,"code":101,"msg":"(经系统检测,您的收货信息存在安全隐患,不能购买此商品,如有异议可提交申诉,审核通过后会恢复购买权限)"}
[2018-03-30T16:51:13.945] [INFO] things - object
[2018-03-30T16:51:13.945] [INFO] things - 开始预约: 17732510974
[2018-03-30T16:51:15.009] [INFO] things - start get addressID from mobile: 17732510974
[2018-03-30T16:51:16.914] [INFO] things - 定位查询结果 { state: true,
  code: 10,
  data: 
   { IsNeedReservation: true,
     IsIntercept: false,
     ProductID: 0,
     CanUseCredence: false,
     Certificate: null,
     EnterTimeSlot: 
      { Start: '2018-03-30 00:00:00',
        End: '2018-03-30 23:59:59',
        InTime: true },
     BuyTimeSlot: 
      { Start: '2018-03-31 10:00:00',
        End: '2018-03-31 16:00:00',
        InTime: false } } }
[2018-03-30T16:51:18.291] [INFO] things - 预约结果 {"state":true,"code":101,"msg":"(经系统检测,您的收货信息存在安全隐患,不能购买此商品,如有异议可提交申诉,审核通过后会恢复购买权限)"}
[2018-03-30T16:51:18.292] [INFO] things - 预约结果 17732510974 {"state":true,"code":101,"msg":"(经系统检测,您的收货信息存在安全隐患,不能购买此商品,如有异议可提交申诉,审核通过后会恢复购买权限)"}
[2018-03-30T16:51:19.294] [INFO] things - object
[2018-03-30T16:51:19.294] [INFO] things - 开始预约: 18241816845
[2018-03-30T16:51:20.252] [INFO] things - start get addressID from mobile: 18241816845
[2018-03-30T16:51:23.022] [INFO] things - 定位查询结果 { state: true,
  code: 10,
  data: 
   { IsNeedReservation: true,
     IsIntercept: false,
     ProductID: 0,
     CanUseCredence: false,
     Certificate: null,
     EnterTimeSlot: 
      { Start: '2018-03-30 00:00:00',
        End: '2018-03-30 23:59:59',
        InTime: true },
     BuyTimeSlot: 
      { Start: '2018-03-31 10:00:00',
        End: '2018-03-31 16:00:00',
        InTime: false } } }
[2018-03-30T16:51:24.851] [INFO] things - 预约结果 {"state":true,"code":101,"msg":"(经系统检测,您的账号信息存在安全隐患,不能购买此商品,如有异议可提交申诉,审核通过后会恢复购买权限)"}
[2018-03-30T16:51:24.851] [INFO] things - 预约结果 18241816845 {"state":true,"code":101,"msg":"(经系统检测,您的账号信息存在安全隐患,不能购买此商品,如有异议可提交申诉,审核通过后会恢复购买权限)"}
[2018-03-30T16:51:25.856] [INFO] things - object
[2018-03-30T16:51:25.857] [INFO] things - 开始预约: 15682637686
[2018-03-30T16:51:27.124] [INFO] things - start get addressID from mobile: 15682637686
[2018-03-30T16:51:29.576] [INFO] things - 定位查询结果 { state: true,
  code: 10,
  data: 
   { IsNeedReservation: true,
     IsIntercept: false,
     ProductID: 0,
     CanUseCredence: false,
     Certificate: null,
     EnterTimeSlot: 
      { Start: '2018-03-30 00:00:00',
        End: '2018-03-30 23:59:59',
        InTime: true },
     BuyTimeSlot: 
      { Start: '2018-03-31 10:00:00',
        End: '2018-03-31 16:00:00',
        InTime: false } } }
[2018-03-30T16:51:30.639] [INFO] things - 预约结果 {"state":true,"code":101,"msg":"(经系统检测,您的收货信息存在安全隐患,不能购买此商品,如有异议可提交申诉,审核通过后会恢复购买权限)"}
[2018-03-30T16:51:30.640] [INFO] things - 预约结果 15682637686 {"state":true,"code":101,"msg":"(经系统检测,您的收货信息存在安全隐患,不能购买此商品,如有异议可提交申诉,审核通过后会恢复购买权限)"}
[2018-03-30T16:51:31.642] [INFO] things - object
[2018-03-30T16:51:31.642] [INFO] things - 开始预约: 15934072914
[2018-03-30T16:51:33.256] [INFO] things - start get addressID from mobile: 15934072914
[2018-03-30T16:51:35.198] [INFO] things - 定位查询结果 { state: true,
  code: 10,
  data: 
   { IsNeedReservation: true,
     IsIntercept: false,
     ProductID: 0,
     CanUseCredence: false,
     Certificate: null,
     EnterTimeSlot: 
      { Start: '2018-03-30 00:00:00',
        End: '2018-03-30 23:59:59',
        InTime: true },
     BuyTimeSlot: 
      { Start: '2018-03-31 10:00:00',
        End: '2018-03-31 16:00:00',
        InTime: false } } }
[2018-03-30T16:51:37.122] [INFO] things - 预约结果 {"state":true,"code":101,"msg":"(经系统检测,您的账号信息存在安全隐患,不能购买此商品,如有异议可提交申诉,审核通过后会恢复购买权限)"}
[2018-03-30T16:51:37.122] [INFO] things - 预约结果 15934072914 {"state":true,"code":101,"msg":"(经系统检测,您的账号信息存在安全隐患,不能购买此商品,如有异议可提交申诉,审核通过后会恢复购买权限)"}
[2018-03-30T16:51:38.126] [INFO] things - object
[2018-03-30T16:51:38.127] [INFO] things - 开始预约: 18909564220
[2018-03-30T16:51:39.216] [INFO] things - start get addressID from mobile: 18909564220
[2018-03-30T16:51:41.288] [INFO] things - 定位查询结果 { state: true,
  code: 10,
  data: 
   { IsNeedReservation: true,
     IsIntercept: false,
     ProductID: 391,
     CanUseCredence: false,
     Certificate: 
      { ID: '2705004',
        UID: 2265248,
        PID: '391',
        Status: 1,
        Address: [Object],
        Product: [Object],
        FailureTime: null },
     EnterTimeSlot: 
      { Start: '2018-03-30 00:00:00',
        End: '2018-03-30 23:59:59',
        InTime: true },
     BuyTimeSlot: 
      { Start: '2018-03-31 10:00:00',
        End: '2018-03-31 16:00:00',
        InTime: false } } }
[2018-03-30T16:51:42.393] [INFO] things - 预约结果 {"state":true,"code":0,"msg":"提交预约信息成功"}
[2018-03-30T16:51:42.394] [INFO] things - 预约结果 18909564220 {"state":true,"code":0,"msg":"提交预约信息成功"}
[2018-03-30T16:51:43.397] [INFO] things - object
[2018-03-30T16:51:43.398] [INFO] things - 开始预约: 13843910857
[2018-03-30T16:51:44.513] [INFO] things - start get addressID from mobile: 13843910857
[2018-03-30T16:51:46.651] [INFO] things - 定位查询结果 { state: true,
  code: 10,
  data: 
   { IsNeedReservation: true,
     IsIntercept: false,
     ProductID: 0,
     CanUseCredence: false,
     Certificate: null,
     EnterTimeSlot: 
      { Start: '2018-03-30 00:00:00',
        End: '2018-03-30 23:59:59',
        InTime: true },
     BuyTimeSlot: 
      { Start: '2018-03-31 10:00:00',
        End: '2018-03-31 16:00:00',
        InTime: false } } }
[2018-03-30T16:51:47.810] [INFO] things - 预约结果 {"state":true,"code":101,"msg":"(经系统检测,您的收货信息存在安全隐患,不能购买此商品,如有异议可提交申诉,审核通过后会恢复购买权限)"}
[2018-03-30T16:51:47.811] [INFO] things - 预约结果 13843910857 {"state":true,"code":101,"msg":"(经系统检测,您的收货信息存在安全隐患,不能购买此商品,如有异议可提交申诉,审核通过后会恢复购买权限)"}
[2018-03-30T16:51:48.815] [INFO] things - object
[2018-03-30T16:51:48.816] [INFO] things - 开始预约: 17073020029
[2018-03-30T16:51:50.461] [INFO] things - start get addressID from mobile: 17073020029
[2018-03-30T16:51:52.488] [INFO] things - 定位查询结果 { state: true,
  code: 10,
  data: 
   { IsNeedReservation: true,
     IsIntercept: false,
     ProductID: 0,
     CanUseCredence: false,
     Certificate: null,
     EnterTimeSlot: 
      { Start: '2018-03-30 00:00:00',
        End: '2018-03-30 23:59:59',
        InTime: true },
     BuyTimeSlot: 
      { Start: '2018-03-31 10:00:00',
        End: '2018-03-31 16:00:00',
        InTime: false } } }
[2018-03-30T16:51:53.574] [INFO] things - 预约结果 {"state":true,"code":101,"msg":"(经系统检测,您的账号信息存在安全隐患,不能购买此商品,如有异议可提交申诉,审核通过后会恢复购买权限)"}
[2018-03-30T16:51:53.575] [INFO] things - 预约结果 17073020029 {"state":true,"code":101,"msg":"(经系统检测,您的账号信息存在安全隐患,不能购买此商品,如有异议可提交申诉,审核通过后会恢复购买权限)"}
[2018-03-30T16:51:54.581] [INFO] things - object
[2018-03-30T16:51:54.583] [INFO] things - 开始预约: 15535890431
[2018-03-30T16:51:55.763] [INFO] things - start get addressID from mobile: 15535890431
[2018-03-30T16:51:58.847] [INFO] things - 定位查询结果 { state: true,
  code: 10,
  data: 
   { IsNeedReservation: true,
     IsIntercept: false,
     ProductID: 0,
     CanUseCredence: false,
     Certificate: null,
     EnterTimeSlot: 
      { Start: '2018-03-30 00:00:00',
        End: '2018-03-30 23:59:59',
        InTime: true },
     BuyTimeSlot: 
      { Start: '2018-03-31 10:00:00',
        End: '2018-03-31 16:00:00',
        InTime: false } } }
[2018-03-30T16:52:00.202] [INFO] things - 预约结果 {"state":true,"code":0,"msg":"提交预约信息成功"}
[2018-03-30T16:52:00.202] [INFO] things - 预约结果 15535890431 {"state":true,"code":0,"msg":"提交预约信息成功"}
[2018-03-30T16:52:01.208] [INFO] things - object
[2018-03-30T16:52:01.208] [INFO] things - 开始预约: 15303529430
[2018-03-30T16:52:08.930] [INFO] things - start get addressID from mobile: 15303529430
[2018-03-30T16:52:16.090] [INFO] things - 定位信息获取错误 { Error: tunneling socket could not be established, cause=socket hang up
    at ClientRequest.onError (/Users/frosh/server/www/maotai/node_modules/tunnel-agent/index.js:177:17)
    at Object.onceWrapper (events.js:315:30)
    at emitOne (events.js:116:13)
    at ClientRequest.emit (events.js:211:7)
    at Socket.socketOnEnd (_http_client.js:423:9)
    at emitNone (events.js:111:20)
    at Socket.emit (events.js:208:7)
    at endReadableNT (_stream_readable.js:1056:12)
    at _combinedTickCallback (internal/process/next_tick.js:138:11)
    at process._tickCallback (internal/process/next_tick.js:180:9) code: 'ECONNRESET' }
[2018-03-30T16:52:16.094] [INFO] things - error { Error: tunneling socket could not be established, cause=socket hang up
    at ClientRequest.onError (/Users/frosh/server/www/maotai/node_modules/tunnel-agent/index.js:177:17)
    at Object.onceWrapper (events.js:315:30)
    at emitOne (events.js:116:13)
    at ClientRequest.emit (events.js:211:7)
    at Socket.socketOnEnd (_http_client.js:423:9)
    at emitNone (events.js:111:20)
    at Socket.emit (events.js:208:7)
    at endReadableNT (_stream_readable.js:1056:12)
    at _combinedTickCallback (internal/process/next_tick.js:138:11)
    at process._tickCallback (internal/process/next_tick.js:180:9) code: 'ECONNRESET' }
[2018-03-30T16:52:17.099] [INFO] things - object
[2018-03-30T16:52:17.100] [INFO] things - 开始预约: 17635568238
[2018-03-30T16:52:18.094] [INFO] things - start get addressID from mobile: 17635568238
[2018-03-30T16:52:19.902] [INFO] things - 定位查询结果 { state: true,
  code: 10,
  data: 
   { IsNeedReservation: true,
     IsIntercept: false,
     ProductID: 0,
     CanUseCredence: false,
     Certificate: null,
     EnterTimeSlot: 
      { Start: '2018-03-30 00:00:00',
        End: '2018-03-30 23:59:59',
        InTime: true },
     BuyTimeSlot: 
      { Start: '2018-03-31 10:00:00',
        End: '2018-03-31 16:00:00',
        InTime: false } } }
[2018-03-30T16:52:20.933] [INFO] things - 预约结果 {"state":true,"code":101,"msg":"(经系统检测,您的收货信息存在安全隐患,不能购买此商品,如有异议可提交申诉,审核通过后会恢复购买权限)"}
[2018-03-30T16:52:20.933] [INFO] things - 预约结果 17635568238 {"state":true,"code":101,"msg":"(经系统检测,您的收货信息存在安全隐患,不能购买此商品,如有异议可提交申诉,审核通过后会恢复购买权限)"}
[2018-03-30T16:52:21.939] [INFO] things - object
[2018-03-30T16:52:21.940] [INFO] things - 开始预约: 15535486077
[2018-03-30T16:52:22.957] [INFO] things - start get addressID from mobile: 15535486077
[2018-03-30T16:52:24.785] [INFO] things - 定位查询结果 { state: true,
  code: 10,
  data: 
   { IsNeedReservation: true,
     IsIntercept: false,
     ProductID: 0,
     CanUseCredence: false,
     Certificate: null,
     EnterTimeSlot: 
      { Start: '2018-03-30 00:00:00',
        End: '2018-03-30 23:59:59',
        InTime: true },
     BuyTimeSlot: 
      { Start: '2018-03-31 10:00:00',
        End: '2018-03-31 16:00:00',
        InTime: false } } }
[2018-03-30T16:52:26.191] [INFO] things - 预约结果 {"state":true,"code":0,"msg":"提交预约信息成功"}
[2018-03-30T16:52:26.192] [INFO] things - 预约结果 15535486077 {"state":true,"code":0,"msg":"提交预约信息成功"}
[2018-03-30T16:52:27.196] [INFO] things - object
[2018-03-30T16:52:27.196] [INFO] things - 开始预约: 18754955373
[2018-03-30T16:52:28.117] [INFO] things - start get addressID from mobile: 18754955373
[2018-03-30T16:52:29.820] [INFO] things - 定位查询结果 { state: true,
  code: 10,
  data: 
   { IsNeedReservation: true,
     IsIntercept: false,
     ProductID: 0,
     CanUseCredence: false,
     Certificate: null,
     EnterTimeSlot: 
      { Start: '2018-03-30 00:00:00',
        End: '2018-03-30 23:59:59',
        InTime: true },
     BuyTimeSlot: 
      { Start: '2018-03-31 10:00:00',
        End: '2018-03-31 16:00:00',
        InTime: false } } }
[2018-03-30T16:52:30.991] [INFO] things - 预约结果 {"state":true,"code":101,"msg":"(经系统检测,您的账号信息存在安全隐患,不能购买此商品,如有异议可提交申诉,审核通过后会恢复购买权限)"}
[2018-03-30T16:52:30.991] [INFO] things - 预约结果 18754955373 {"state":true,"code":101,"msg":"(经系统检测,您的账号信息存在安全隐患,不能购买此商品,如有异议可提交申诉,审核通过后会恢复购买权限)"}
[2018-03-30T16:52:31.996] [INFO] things - object
[2018-03-30T16:52:31.997] [INFO] things - 开始预约: 18154567585
[2018-03-30T16:52:33.336] [INFO] things - start get addressID from mobile: 18154567585
[2018-03-30T16:52:36.727] [INFO] things - 定位查询结果 { state: true,
  code: 10,
  data: 
   { IsNeedReservation: true,
     IsIntercept: false,
     ProductID: 0,
     CanUseCredence: false,
     Certificate: null,
     EnterTimeSlot: 
      { Start: '2018-03-30 00:00:00',
        End: '2018-03-30 23:59:59',
        InTime: true },
     BuyTimeSlot: 
      { Start: '2018-03-31 10:00:00',
        End: '2018-03-31 16:00:00',
        InTime: false } } }
[2018-03-30T16:52:38.576] [INFO] things - 预约结果 {"state":true,"code":101,"msg":"(经系统检测,您的账号信息存在安全隐患,不能购买此商品,如有异议可提交申诉,审核通过后会恢复购买权限)"}
[2018-03-30T16:52:38.576] [INFO] things - 预约结果 18154567585 {"state":true,"code":101,"msg":"(经系统检测,您的账号信息存在安全隐患,不能购买此商品,如有异议可提交申诉,审核通过后会恢复购买权限)"}
[2018-03-30T16:52:39.582] [INFO] things - object
[2018-03-30T16:52:39.582] [INFO] things - 开始预约: 15834343940
[2018-03-30T16:52:40.573] [INFO] things - start get addressID from mobile: 15834343940
[2018-03-30T16:52:42.372] [INFO] things - 定位查询结果 { state: true,
  code: 10,
  data: 
   { IsNeedReservation: true,
     IsIntercept: false,
     ProductID: 391,
     CanUseCredence: false,
     Certificate: 
      { ID: '2705015',
        UID: 2265208,
        PID: '391',
        Status: 1,
        Address: [Object],
        Product: [Object],
        FailureTime: null },
     EnterTimeSlot: 
      { Start: '2018-03-30 00:00:00',
        End: '2018-03-30 23:59:59',
        InTime: true },
     BuyTimeSlot: 
      { Start: '2018-03-31 10:00:00',
        End: '2018-03-31 16:00:00',
        InTime: false } } }
[2018-03-30T16:52:43.245] [INFO] things - 预约结果 {"state":true,"code":0,"msg":"提交预约信息成功"}
[2018-03-30T16:52:43.246] [INFO] things - 预约结果 15834343940 {"state":true,"code":0,"msg":"提交预约信息成功"}
[2018-03-30T16:52:44.250] [INFO] things - object
[2018-03-30T16:52:44.251] [INFO] things - 开始预约: 17196748368
[2018-03-30T16:52:48.324] [INFO] things - start get addressID from mobile: 17196748368
[2018-03-30T16:53:18.540] [INFO] things - error { Error: socket hang up
    at TLSSocket.onHangUp (_tls_wrap.js:1135:19)
    at Object.onceWrapper (events.js:313:30)
    at emitNone (events.js:111:20)
    at TLSSocket.emit (events.js:208:7)
    at endReadableNT (_stream_readable.js:1056:12)
    at _combinedTickCallback (internal/process/next_tick.js:138:11)
    at process._tickCallback (internal/process/next_tick.js:180:9)
  code: 'ECONNRESET',
  path: undefined,
  host: undefined,
  port: 0,
  localAddress: undefined }
[2018-03-30T16:53:19.545] [INFO] things - object
[2018-03-30T16:53:19.545] [INFO] things - 开始预约: 15330512791
[2018-03-30T16:53:26.254] [INFO] things - start get addressID from mobile: 15330512791
[2018-03-30T16:53:41.643] [INFO] things - error { Error: socket hang up
    at TLSSocket.onHangUp (_tls_wrap.js:1135:19)
    at Object.onceWrapper (events.js:313:30)
    at emitNone (events.js:111:20)
    at TLSSocket.emit (events.js:208:7)
    at endReadableNT (_stream_readable.js:1056:12)
    at _combinedTickCallback (internal/process/next_tick.js:138:11)
    at process._tickCallback (internal/process/next_tick.js:180:9)
  code: 'ECONNRESET',
  path: undefined,
  host: undefined,
  port: 0,
  localAddress: undefined }
[2018-03-30T16:53:42.648] [INFO] things - 所有手机号预约结束
[2018-03-30T16:53:42.649] [INFO] things - 预约成功:
[2018-03-30T16:53:42.649] [INFO] things - [{"phone":"15535874823","pass":"a123456"},{"phone":"15525146023","pass":"a123456"},{"phone":"15582882641","pass":"a123456"},{"phone":"18909564220","pass":"a123456"},{"phone":"15535890431","pass":"a123456"},{"phone":"15535486077","pass":"a123456"},{"phone":"15834343940","pass":"a123456"}]
[2018-03-30T16:53:42.649] [INFO] things - 预约失败:
[2018-03-30T16:53:42.650] [INFO] things - [{"phone":"18593078244","pass":"a123456","error":"{\"state\":true,\"code\":101,\"msg\":\"(经系统检测,您的收货信息存在安全隐患,不能购买此商品,如有异议可提交申诉,审核通过后会恢复购买权限)\"}"},{"phone":"15535874373","pass":"a123456","error":"{\"state\":true,\"code\":101,\"msg\":\"(经系统检测,您的收货信息存在安全隐患,不能购买此商品,如有异议可提交申诉,审核通过后会恢复购买权限)\"}"},{"phone":"13052107547","pass":"a123456","error":"{\"state\":true,\"code\":101,\"msg\":\"(经系统检测,您的账号信息存在安全隐患,不能购买此商品,如有异议可提交申诉,审核通过后会恢复购买权限)\"}"},{"phone":"15564917183","pass":"a123456","error":"{\"state\":true,\"code\":101,\"msg\":\"(经系统检测,您的账号信息存在安全隐患,不能购买此商品,如有异议可提交申诉,审核通过后会恢复购买权限)\"}"},{"phone":"18545086596","pass":"a123456","error":"{\"state\":true,\"code\":101,\"msg\":\"(经系统检测,您的收货信息存在安全隐患,不能购买此商品,如有异议可提交申诉,审核通过后会恢复购买权限)\"}"},{"phone":"17732510974","pass":"a123456","error":"{\"state\":true,\"code\":101,\"msg\":\"(经系统检测,您的收货信息存在安全隐患,不能购买此商品,如有异议可提交申诉,审核通过后会恢复购买权限)\"}"},{"phone":"18241816845","pass":"a123456","error":"{\"state\":true,\"code\":101,\"msg\":\"(经系统检测,您的账号信息存在安全隐患,不能购买此商品,如有异议可提交申诉,审核通过后会恢复购买权限)\"}"},{"phone":"15682637686","pass":"a123456","error":"{\"state\":true,\"code\":101,\"msg\":\"(经系统检测,您的收货信息存在安全隐患,不能购买此商品,如有异议可提交申诉,审核通过后会恢复购买权限)\"}"},{"phone":"15934072914","pass":"a123456","error":"{\"state\":true,\"code\":101,\"msg\":\"(经系统检测,您的账号信息存在安全隐患,不能购买此商品,如有异议可提交申诉,审核通过后会恢复购买权限)\"}"},{"phone":"13843910857","pass":"a123456","error":"{\"state\":true,\"code\":101,\"msg\":\"(经系统检测,您的收货信息存在安全隐患,不能购买此商品,如有异议可提交申诉,审核通过后会恢复购买权限)\"}"},{"phone":"17073020029","pass":"a123456","error":"{\"state\":true,\"code\":101,\"msg\":\"(经系统检测,您的账号信息存在安全隐患,不能购买此商品,如有异议可提交申诉,审核通过后会恢复购买权限)\"}"},{"phone":"15303529430","pass":"a123456","error":"tunneling socket could not be established, cause=socket hang up"},{"phone":"17635568238","pass":"a123456","error":"{\"state\":true,\"code\":101,\"msg\":\"(经系统检测,您的收货信息存在安全隐患,不能购买此商品,如有异议可提交申诉,审核通过后会恢复购买权限)\"}"},{"phone":"18754955373","pass":"a123456","error":"{\"state\":true,\"code\":101,\"msg\":\"(经系统检测,您的账号信息存在安全隐患,不能购买此商品,如有异议可提交申诉,审核通过后会恢复购买权限)\"}"},{"phone":"18154567585","pass":"a123456","error":"{\"state\":true,\"code\":101,\"msg\":\"(经系统检测,您的账号信息存在安全隐患,不能购买此商品,如有异议可提交申诉,审核通过后会恢复购买权限)\"}"},{"phone":"17196748368","pass":"a123456","error":"socket hang up"},{"phone":"15330512791","pass":"a123456","error":"socket hang up"}]
